# JRE version: OpenJDK Runtime Environment Temurin-21.0.10+7 (21.0.10+7) (build 21.0.10+7-LTS)
# Java VM: OpenJDK 64-Bit Server VM Temurin-21.0.10+7 (21.0.10+7-LTS, mixed mode, sharing, tiered, compressed oops, compressed class ptrs, parallel gc, windows-amd64)
GC Precious Log:
 CardTable entry size: 512
 CPUs: 12 total, 12 available
 Memory: 7518M
 Large Page Support: Disabled
 NUMA Support: Disabled
 Compressed Oops: Enabled (32-bit)
 Alignments: Space 512K, Generation 512K, Heap 2M
 Heap Min Capacity: 100M
 Heap Initial Capacity: 100M
 Heap Max Capacity: 2G
 Pre-touch: Disabled
 Parallel Workers: 10
Heap:
 PSYoungGen      total 10240K, used 5090K [0x00000000d5580000, 0x00000000d6200000, 0x0000000100000000)
  eden space 9216K, 44% used [0x00000000d5580000,0x00000000d597aad0,0x00000000d5e80000)
  from space 1024K, 99% used [0x00000000d6000000,0x00000000d60fde68,0x00000000d6100000)
  to   space 1536K, 0% used [0x00000000d5e80000,0x00000000d5e80000,0x00000000d6000000)
 ParOldGen       total 94208K, used 73323K [0x0000000080000000, 0x0000000085c00000, 0x00000000d5580000)
  object space 94208K, 77% used [0x0000000080000000,0x000000008479ae18,0x0000000085c00000)
 Metaspace       used 62256K, committed 63616K, reserved 1114112K
  class space    used 6577K, committed 7168K, reserved 1048576K
GC Heap History (20 events):
Event: 146.501 GC heap before
{Heap before GC invocations=126 (full 2):
 PSYoungGen      total 10752K, used 10144K [0x00000000d5580000, 0x00000000d6080000, 0x0000000100000000)
  eden space 9728K, 100% used [0x00000000d5580000,0x00000000d5f00000,0x00000000d5f00000)
  from space 1024K, 40% used [0x00000000d5f00000,0x00000000d5f68000,0x00000000d6000000)
  to   space 512K, 0% used [0x00000000d6000000,0x00000000d6000000,0x00000000d6080000)
 ParOldGen       total 93696K, used 93532K [0x0000000080000000, 0x0000000085b80000, 0x00000000d5580000)
  object space 93696K, 99% used [0x0000000080000000,0x0000000085b570c0,0x0000000085b80000)
 Metaspace       used 57594K, committed 59008K, reserved 1114112K
  class space    used 6122K, committed 6720K, reserved 1048576K
}
Event: 146.504 GC heap after
{Heap after GC invocations=126 (full 2):
 PSYoungGen      total 10240K, used 352K [0x00000000d5580000, 0x00000000d6080000, 0x0000000100000000)
  eden space 9728K, 0% used [0x00000000d5580000,0x00000000d5580000,0x00000000d5f00000)
  from space 512K, 68% used [0x00000000d6000000,0x00000000d6058000,0x00000000d6080000)
  to   space 512K, 0% used [0x00000000d5f80000,0x00000000d5f80000,0x00000000d6000000)
 ParOldGen       total 94208K, used 93756K [0x0000000080000000, 0x0000000085c00000, 0x00000000d5580000)
  object space 94208K, 99% used [0x0000000080000000,0x0000000085b8f0c0,0x0000000085c00000)
 Metaspace       used 57594K, committed 59008K, reserved 1114112K
  class space    used 6122K, committed 6720K, reserved 1048576K
}
Event: 146.755 GC heap before
{Heap before GC invocations=127 (full 2):
 PSYoungGen      total 10240K, used 8449K [0x00000000d5580000, 0x00000000d6080000, 0x0000000100000000)
  eden space 9728K, 83% used [0x00000000d5580000,0x00000000d5d68490,0x00000000d5f00000)
  from space 512K, 68% used [0x00000000d6000000,0x00000000d6058000,0x00000000d6080000)
  to   space 512K, 0% used [0x00000000d5f80000,0x00000000d5f80000,0x00000000d6000000)
 ParOldGen       total 94208K, used 93756K [0x0000000080000000, 0x0000000085c00000, 0x00000000d5580000)
  object space 94208K, 99% used [0x0000000080000000,0x0000000085b8f0c0,0x0000000085c00000)
 Metaspace       used 58415K, committed 59776K, reserved 1114112K
  class space    used 6186K, committed 6784K, reserved 1048576K
}
Event: 146.758 GC heap after
{Heap after GC invocations=127 (full 2):
 PSYoungGen      total 10240K, used 320K [0x00000000d5580000, 0x00000000d6080000, 0x0000000100000000)
  eden space 9728K, 0% used [0x00000000d5580000,0x00000000d5580000,0x00000000d5f00000)
  from space 512K, 62% used [0x00000000d5f80000,0x00000000d5fd0000,0x00000000d6000000)
  to   space 512K, 0% used [0x00000000d6000000,0x00000000d6000000,0x00000000d6080000)
 ParOldGen       total 94208K, used 93980K [0x0000000080000000, 0x0000000085c00000, 0x00000000d5580000)
  object space 94208K, 99% used [0x0000000080000000,0x0000000085bc70c0,0x0000000085c00000)
 Metaspace       used 58415K, committed 59776K, reserved 1114112K
  class space    used 6186K, committed 6784K, reserved 1048576K
}
Event: 146.758 GC heap before
{Heap before GC invocations=128 (full 3):
 PSYoungGen      total 10240K, used 320K [0x00000000d5580000, 0x00000000d6080000, 0x0000000100000000)
  eden space 9728K, 0% used [0x00000000d5580000,0x00000000d5580000,0x00000000d5f00000)
  from space 512K, 62% used [0x00000000d5f80000,0x00000000d5fd0000,0x00000000d6000000)
  to   space 512K, 0% used [0x00000000d6000000,0x00000000d6000000,0x00000000d6080000)
 ParOldGen       total 94208K, used 93980K [0x0000000080000000, 0x0000000085c00000, 0x00000000d5580000)
  object space 94208K, 99% used [0x0000000080000000,0x0000000085bc70c0,0x0000000085c00000)
 Metaspace       used 58415K, committed 59776K, reserved 1114112K
  class space    used 6186K, committed 6784K, reserved 1048576K
}
Event: 148.444 GC heap after
{Heap after GC invocations=128 (full 3):
 PSYoungGen      total 10240K, used 0K [0x00000000d5580000, 0x00000000d6080000, 0x0000000100000000)
  eden space 9728K, 0% used [0x00000000d5580000,0x00000000d5580000,0x00000000d5f00000)
  from space 512K, 0% used [0x00000000d5f80000,0x00000000d5f80000,0x00000000d6000000)
  to   space 512K, 0% used [0x00000000d6000000,0x00000000d6000000,0x00000000d6080000)
 ParOldGen       total 94208K, used 71000K [0x0000000080000000, 0x0000000085c00000, 0x00000000d5580000)
  object space 94208K, 75% used [0x0000000080000000,0x00000000845563c0,0x0000000085c00000)
 Metaspace       used 58410K, committed 59776K, reserved 1114112K
  class space    used 6184K, committed 6784K, reserved 1048576K
}
Event: 148.866 GC heap before
{Heap before GC invocations=129 (full 3):
 PSYoungGen      total 10240K, used 9713K [0x00000000d5580000, 0x00000000d6080000, 0x0000000100000000)
  eden space 9728K, 99% used [0x00000000d5580000,0x00000000d5efc680,0x00000000d5f00000)
  from space 512K, 0% used [0x00000000d5f80000,0x00000000d5f80000,0x00000000d6000000)
  to   space 512K, 0% used [0x00000000d6000000,0x00000000d6000000,0x00000000d6080000)
 ParOldGen       total 94208K, used 71000K [0x0000000080000000, 0x0000000085c00000, 0x00000000d5580000)
  object space 94208K, 75% used [0x0000000080000000,0x00000000845563c0,0x0000000085c00000)
 Metaspace       used 58890K, committed 60288K, reserved 1114112K
  class space    used 6233K, committed 6848K, reserved 1048576K
}
Event: 148.869 GC heap after
{Heap after GC invocations=129 (full 3):
 PSYoungGen      total 10240K, used 416K [0x00000000d5580000, 0x00000000d6080000, 0x0000000100000000)
  eden space 9728K, 0% used [0x00000000d5580000,0x00000000d5580000,0x00000000d5f00000)
  from space 512K, 81% used [0x00000000d6000000,0x00000000d6068000,0x00000000d6080000)
  to   space 512K, 0% used [0x00000000d5f80000,0x00000000d5f80000,0x00000000d6000000)
 ParOldGen       total 94208K, used 71008K [0x0000000080000000, 0x0000000085c00000, 0x00000000d5580000)
  object space 94208K, 75% used [0x0000000080000000,0x00000000845583c0,0x0000000085c00000)
 Metaspace       used 58890K, committed 60288K, reserved 1114112K
  class space    used 6233K, committed 6848K, reserved 1048576K
}
Event: 149.239 GC heap before
{Heap before GC invocations=130 (full 3):
 PSYoungGen      total 10240K, used 10144K [0x00000000d5580000, 0x00000000d6080000, 0x0000000100000000)
  eden space 9728K, 100% used [0x00000000d5580000,0x00000000d5f00000,0x00000000d5f00000)
  from space 512K, 81% used [0x00000000d6000000,0x00000000d6068000,0x00000000d6080000)
  to   space 512K, 0% used [0x00000000d5f80000,0x00000000d5f80000,0x00000000d6000000)
 ParOldGen       total 94208K, used 71008K [0x0000000080000000, 0x0000000085c00000, 0x00000000d5580000)
  object space 94208K, 75% used [0x0000000080000000,0x00000000845583c0,0x0000000085c00000)
 Metaspace       used 59876K, committed 61376K, reserved 1114112K
  class space    used 6323K, committed 6976K, reserved 1048576K
}
Event: 149.242 GC heap after
{Heap after GC invocations=130 (full 3):
 PSYoungGen      total 10240K, used 502K [0x00000000d5580000, 0x00000000d6300000, 0x0000000100000000)
  eden space 9728K, 0% used [0x00000000d5580000,0x00000000d5580000,0x00000000d5f00000)
  from space 512K, 98% used [0x00000000d5f80000,0x00000000d5ffdb28,0x00000000d6000000)
  to   space 2048K, 0% used [0x00000000d6100000,0x00000000d6100000,0x00000000d6300000)
 ParOldGen       total 94208K, used 71891K [0x0000000080000000, 0x0000000085c00000, 0x00000000d5580000)
  object space 94208K, 76% used [0x0000000080000000,0x0000000084634f70,0x0000000085c00000)
 Metaspace       used 59876K, committed 61376K, reserved 1114112K
  class space    used 6323K, committed 6976K, reserved 1048576K
}
Event: 149.288 GC heap before
{Heap before GC invocations=131 (full 3):
 PSYoungGen      total 10240K, used 10230K [0x00000000d5580000, 0x00000000d6300000, 0x0000000100000000)
  eden space 9728K, 100% used [0x00000000d5580000,0x00000000d5f00000,0x00000000d5f00000)
  from space 512K, 98% used [0x00000000d5f80000,0x00000000d5ffdb28,0x00000000d6000000)
  to   space 2048K, 0% used [0x00000000d6100000,0x00000000d6100000,0x00000000d6300000)
 ParOldGen       total 94208K, used 71891K [0x0000000080000000, 0x0000000085c00000, 0x00000000d5580000)
  object space 94208K, 76% used [0x0000000080000000,0x0000000084634f70,0x0000000085c00000)
 Metaspace       used 59968K, committed 61440K, reserved 1114112K
  class space    used 6337K, committed 6976K, reserved 1048576K
}
Event: 149.292 GC heap after
{Heap after GC invocations=131 (full 3):
 PSYoungGen      total 11776K, used 1850K [0x00000000d5580000, 0x00000000d6300000, 0x0000000100000000)
  eden space 9728K, 0% used [0x00000000d5580000,0x00000000d5580000,0x00000000d5f00000)
  from space 2048K, 90% used [0x00000000d6100000,0x00000000d62ceaf8,0x00000000d6300000)
  to   space 2048K, 0% used [0x00000000d5f00000,0x00000000d5f00000,0x00000000d6100000)
 ParOldGen       total 94208K, used 72370K [0x0000000080000000, 0x0000000085c00000, 0x00000000d5580000)
  object space 94208K, 76% used [0x0000000080000000,0x00000000846aca98,0x0000000085c00000)
 Metaspace       used 59968K, committed 61440K, reserved 1114112K
  class space    used 6337K, committed 6976K, reserved 1048576K
}
Event: 149.540 GC heap before
{Heap before GC invocations=132 (full 3):
 PSYoungGen      total 11776K, used 11578K [0x00000000d5580000, 0x00000000d6300000, 0x0000000100000000)
  eden space 9728K, 100% used [0x00000000d5580000,0x00000000d5f00000,0x00000000d5f00000)
  from space 2048K, 90% used [0x00000000d6100000,0x00000000d62ceaf8,0x00000000d6300000)
  to   space 2048K, 0% used [0x00000000d5f00000,0x00000000d5f00000,0x00000000d6100000)
 ParOldGen       total 94208K, used 72370K [0x0000000080000000, 0x0000000085c00000, 0x00000000d5580000)
  object space 94208K, 76% used [0x0000000080000000,0x00000000846aca98,0x0000000085c00000)
 Metaspace       used 60024K, committed 61440K, reserved 1114112K
  class space    used 6343K, committed 6976K, reserved 1048576K
}
Event: 149.544 GC heap after
{Heap after GC invocations=132 (full 3):
 PSYoungGen      total 10752K, used 777K [0x00000000d5580000, 0x00000000d6200000, 0x0000000100000000)
  eden space 9728K, 0% used [0x00000000d5580000,0x00000000d5580000,0x00000000d5f00000)
  from space 1024K, 75% used [0x00000000d5f00000,0x00000000d5fc26d0,0x00000000d6000000)
  to   space 1536K, 0% used [0x00000000d6080000,0x00000000d6080000,0x00000000d6200000)
 ParOldGen       total 94208K, used 73011K [0x0000000080000000, 0x0000000085c00000, 0x00000000d5580000)
  object space 94208K, 77% used [0x0000000080000000,0x000000008474ce08,0x0000000085c00000)
 Metaspace       used 60024K, committed 61440K, reserved 1114112K
  class space    used 6343K, committed 6976K, reserved 1048576K
}
Event: 149.623 GC heap before
{Heap before GC invocations=133 (full 3):
 PSYoungGen      total 10752K, used 10505K [0x00000000d5580000, 0x00000000d6200000, 0x0000000100000000)
  eden space 9728K, 100% used [0x00000000d5580000,0x00000000d5f00000,0x00000000d5f00000)
  from space 1024K, 75% used [0x00000000d5f00000,0x00000000d5fc26d0,0x00000000d6000000)
  to   space 1536K, 0% used [0x00000000d6080000,0x00000000d6080000,0x00000000d6200000)
 ParOldGen       total 94208K, used 73011K [0x0000000080000000, 0x0000000085c00000, 0x00000000d5580000)
  object space 94208K, 77% used [0x0000000080000000,0x000000008474ce08,0x0000000085c00000)
 Metaspace       used 60027K, committed 61440K, reserved 1114112K
  class space    used 6343K, committed 6976K, reserved 1048576K
}
Event: 149.626 GC heap after
{Heap after GC invocations=133 (full 3):
 PSYoungGen      total 11264K, used 1374K [0x00000000d5580000, 0x00000000d6200000, 0x0000000100000000)
  eden space 9728K, 0% used [0x00000000d5580000,0x00000000d5580000,0x00000000d5f00000)
  from space 1536K, 89% used [0x00000000d6080000,0x00000000d61d7a60,0x00000000d6200000)
  to   space 1536K, 0% used [0x00000000d5f00000,0x00000000d5f00000,0x00000000d6080000)
 ParOldGen       total 94208K, used 73139K [0x0000000080000000, 0x0000000085c00000, 0x00000000d5580000)
  object space 94208K, 77% used [0x0000000080000000,0x000000008476ce18,0x0000000085c00000)
 Metaspace       used 60027K, committed 61440K, reserved 1114112K
  class space    used 6343K, committed 6976K, reserved 1048576K
}
Event: 149.843 GC heap before
{Heap before GC invocations=134 (full 3):
 PSYoungGen      total 11264K, used 11102K [0x00000000d5580000, 0x00000000d6200000, 0x0000000100000000)
  eden space 9728K, 100% used [0x00000000d5580000,0x00000000d5f00000,0x00000000d5f00000)
  from space 1536K, 89% used [0x00000000d6080000,0x00000000d61d7a60,0x00000000d6200000)
  to   space 1536K, 0% used [0x00000000d5f00000,0x00000000d5f00000,0x00000000d6080000)
 ParOldGen       total 94208K, used 73139K [0x0000000080000000, 0x0000000085c00000, 0x00000000d5580000)
  object space 94208K, 77% used [0x0000000080000000,0x000000008476ce18,0x0000000085c00000)
 Metaspace       used 60564K, committed 61952K, reserved 1114112K
  class space    used 6388K, committed 6976K, reserved 1048576K
}
Event: 149.846 GC heap after
{Heap after GC invocations=134 (full 3):
 PSYoungGen      total 10240K, used 320K [0x00000000d5580000, 0x00000000d6100000, 0x0000000100000000)
  eden space 9728K, 0% used [0x00000000d5580000,0x00000000d5580000,0x00000000d5f00000)
  from space 512K, 62% used [0x00000000d5f00000,0x00000000d5f50000,0x00000000d5f80000)
  to   space 1024K, 0% used [0x00000000d6000000,0x00000000d6000000,0x00000000d6100000)
 ParOldGen       total 94208K, used 73147K [0x0000000080000000, 0x0000000085c00000, 0x00000000d5580000)
  object space 94208K, 77% used [0x0000000080000000,0x000000008476ee18,0x0000000085c00000)
 Metaspace       used 60564K, committed 61952K, reserved 1114112K
  class space    used 6388K, committed 6976K, reserved 1048576K
}
Event: 150.285 GC heap before
{Heap before GC invocations=135 (full 3):
 PSYoungGen      total 10240K, used 10048K [0x00000000d5580000, 0x00000000d6100000, 0x0000000100000000)
  eden space 9728K, 100% used [0x00000000d5580000,0x00000000d5f00000,0x00000000d5f00000)
  from space 512K, 62% used [0x00000000d5f00000,0x00000000d5f50000,0x00000000d5f80000)
  to   space 1024K, 0% used [0x00000000d6000000,0x00000000d6000000,0x00000000d6100000)
 ParOldGen       total 94208K, used 73147K [0x0000000080000000, 0x0000000085c00000, 0x00000000d5580000)
  object space 94208K, 77% used [0x0000000080000000,0x000000008476ee18,0x0000000085c00000)
 Metaspace       used 61838K, committed 63232K, reserved 1114112K
  class space    used 6506K, committed 7104K, reserved 1048576K
}
Event: 150.289 GC heap after
{Heap after GC invocations=135 (full 3):
 PSYoungGen      total 10240K, used 1015K [0x00000000d5580000, 0x00000000d6200000, 0x0000000100000000)
  eden space 9216K, 0% used [0x00000000d5580000,0x00000000d5580000,0x00000000d5e80000)
  from space 1024K, 99% used [0x00000000d6000000,0x00000000d60fde68,0x00000000d6100000)
  to   space 1536K, 0% used [0x00000000d5e80000,0x00000000d5e80000,0x00000000d6000000)
 ParOldGen       total 94208K, used 73323K [0x0000000080000000, 0x0000000085c00000, 0x00000000d5580000)
  object space 94208K, 77% used [0x0000000080000000,0x000000008479ae18,0x0000000085c00000)
 Metaspace       used 61838K, committed 63232K, reserved 1114112K
  class space    used 6506K, committed 7104K, reserved 1048576K
}

