# JRE version: OpenJDK Runtime Environment Corretto-21.0.8.9.1 (21.0.8+9) (build 21.0.8+9-LTS)
# Java VM: OpenJDK 64-Bit Server VM Corretto-21.0.8.9.1 (21.0.8+9-LTS, mixed mode, sharing, tiered, compressed oops, compressed class ptrs, g1 gc, windows-amd64)
GC Precious Log:
 CardTable entry size: 512
 Card Set container configuration: InlinePtr #cards 5 size 8 Array Of Cards #cards 12 size 40 Howl #buckets 4 coarsen threshold 1843 Howl Bitmap #cards 512 size 80 coarsen threshold 460 Card regions per heap region 1 cards per card region 2048
 CPUs: 12 total, 12 available
 Memory: 7518M
 Large Page Support: Disabled
 NUMA Support: Disabled
 Compressed Oops: Enabled (32-bit)
 Heap Region Size: 1M
 Heap Min Capacity: 8M
 Heap Initial Capacity: 118M
 Heap Max Capacity: 1880M
 Pre-touch: Disabled
 Parallel Workers: 10
 Concurrent Workers: 3
 Concurrent Refinement Workers: 10
 Periodic GC: Disabled
Heap:
 garbage-first heap   total 120832K, used 28880K [0x000000008a800000, 0x0000000100000000)
  region size 1024K, 25 young (25600K), 9 survivors (9216K)
 Metaspace       used 15924K, committed 16192K, reserved 1114112K
  class space    used 1871K, committed 1984K, reserved 1048576K
GC Heap History (6 events):
Event: 6.666 GC heap before
{Heap before GC invocations=0 (full 0):
 garbage-first heap   total 120832K, used 23552K [0x000000008a800000, 0x0000000100000000)
  region size 1024K, 23 young (23552K), 0 survivors (0K)
 Metaspace       used 5638K, committed 5824K, reserved 1114112K
  class space    used 664K, committed 768K, reserved 1048576K
}
Event: 6.677 GC heap after
{Heap after GC invocations=1 (full 0):
 garbage-first heap   total 120832K, used 3736K [0x000000008a800000, 0x0000000100000000)
  region size 1024K, 3 young (3072K), 3 survivors (3072K)
 Metaspace       used 5638K, committed 5824K, reserved 1114112K
  class space    used 664K, committed 768K, reserved 1048576K
}
Event: 7.480 GC heap before
{Heap before GC invocations=1 (full 0):
 garbage-first heap   total 120832K, used 34456K [0x000000008a800000, 0x0000000100000000)
  region size 1024K, 33 young (33792K), 3 survivors (3072K)
 Metaspace       used 9716K, committed 9920K, reserved 1114112K
  class space    used 1164K, committed 1280K, reserved 1048576K
}
Event: 7.490 GC heap after
{Heap after GC invocations=2 (full 0):
 garbage-first heap   total 120832K, used 5613K [0x000000008a800000, 0x0000000100000000)
  region size 1024K, 2 young (2048K), 2 survivors (2048K)
 Metaspace       used 9716K, committed 9920K, reserved 1114112K
  class space    used 1164K, committed 1280K, reserved 1048576K
}
Event: 9.353 GC heap before
{Heap before GC invocations=2 (full 0):
 garbage-first heap   total 120832K, used 75245K [0x000000008a800000, 0x0000000100000000)
  region size 1024K, 70 young (71680K), 2 survivors (2048K)
 Metaspace       used 15724K, committed 15936K, reserved 1114112K
  class space    used 1869K, committed 1984K, reserved 1048576K
}
Event: 9.375 GC heap after
{Heap after GC invocations=3 (full 0):
 garbage-first heap   total 120832K, used 13520K [0x000000008a800000, 0x0000000100000000)
  region size 1024K, 9 young (9216K), 9 survivors (9216K)
 Metaspace       used 15724K, committed 15936K, reserved 1114112K
  class space    used 1869K, committed 1984K, reserved 1048576K
}

