# JRE version: OpenJDK Runtime Environment Temurin-21.0.10+7 (21.0.10+7) (build 21.0.10+7-LTS)
# Java VM: OpenJDK 64-Bit Server VM Temurin-21.0.10+7 (21.0.10+7-LTS, mixed mode, sharing, tiered, compressed oops, compressed class ptrs, parallel gc, windows-amd64)
GC Precious Log:
 CardTable entry size: 512
 CPUs: 12 total, 12 available
 Memory: 7518M
 Large Page Support: Disabled
 NUMA Support: Disabled
 Compressed Oops: Enabled (32-bit)
 Alignments: Space 512K, Generation 512K, Heap 2M
 Heap Min Capacity: 100M
 Heap Initial Capacity: 100M
 Heap Max Capacity: 2G
 Pre-touch: Disabled
 Parallel Workers: 10
Heap:
 PSYoungGen      total 21504K, used 4633K [0x00000000d5580000, 0x00000000d6b80000, 0x0000000100000000)
  eden space 20480K, 18% used [0x00000000d5580000,0x00000000d59304c0,0x00000000d6980000)
  from space 1024K, 83% used [0x00000000d6980000,0x00000000d6a562e8,0x00000000d6a80000)
  to   space 1024K, 0% used [0x00000000d6a80000,0x00000000d6a80000,0x00000000d6b80000)
 ParOldGen       total 81920K, used 81415K [0x0000000080000000, 0x0000000085000000, 0x00000000d5580000)
  object space 81920K, 99% used [0x0000000080000000,0x0000000084f81fb0,0x0000000085000000)
 Metaspace       used 55965K, committed 57344K, reserved 1114112K
  class space    used 5928K, committed 6528K, reserved 1048576K
GC Heap History (20 events):
Event: 40.979 GC heap before
{Heap before GC invocations=64 (full 2):
 PSYoungGen      total 21504K, used 21056K [0x00000000d5580000, 0x00000000d6b80000, 0x0000000100000000)
  eden space 20480K, 100% used [0x00000000d5580000,0x00000000d6980000,0x00000000d6980000)
  from space 1024K, 56% used [0x00000000d6980000,0x00000000d6a10000,0x00000000d6a80000)
  to   space 1024K, 0% used [0x00000000d6a80000,0x00000000d6a80000,0x00000000d6b80000)
 ParOldGen       total 76800K, used 76361K [0x0000000080000000, 0x0000000084b00000, 0x00000000d5580000)
  object space 76800K, 99% used [0x0000000080000000,0x0000000084a924a0,0x0000000084b00000)
 Metaspace       used 54088K, committed 55424K, reserved 1114112K
  class space    used 5732K, committed 6336K, reserved 1048576K
}
Event: 40.982 GC heap after
{Heap after GC invocations=64 (full 2):
 PSYoungGen      total 21504K, used 746K [0x00000000d5580000, 0x00000000d6b80000, 0x0000000100000000)
  eden space 20480K, 0% used [0x00000000d5580000,0x00000000d5580000,0x00000000d6980000)
  from space 1024K, 72% used [0x00000000d6a80000,0x00000000d6b3a870,0x00000000d6b80000)
  to   space 1024K, 0% used [0x00000000d6980000,0x00000000d6980000,0x00000000d6a80000)
 ParOldGen       total 76800K, used 76761K [0x0000000080000000, 0x0000000084b00000, 0x00000000d5580000)
  object space 76800K, 99% used [0x0000000080000000,0x0000000084af64a0,0x0000000084b00000)
 Metaspace       used 54088K, committed 55424K, reserved 1114112K
  class space    used 5732K, committed 6336K, reserved 1048576K
}
Event: 41.171 GC heap before
{Heap before GC invocations=65 (full 2):
 PSYoungGen      total 21504K, used 21226K [0x00000000d5580000, 0x00000000d6b80000, 0x0000000100000000)
  eden space 20480K, 100% used [0x00000000d5580000,0x00000000d6980000,0x00000000d6980000)
  from space 1024K, 72% used [0x00000000d6a80000,0x00000000d6b3a870,0x00000000d6b80000)
  to   space 1024K, 0% used [0x00000000d6980000,0x00000000d6980000,0x00000000d6a80000)
 ParOldGen       total 76800K, used 76761K [0x0000000080000000, 0x0000000084b00000, 0x00000000d5580000)
  object space 76800K, 99% used [0x0000000080000000,0x0000000084af64a0,0x0000000084b00000)
 Metaspace       used 54091K, committed 55424K, reserved 1114112K
  class space    used 5732K, committed 6336K, reserved 1048576K
}
Event: 41.175 GC heap after
{Heap after GC invocations=65 (full 2):
 PSYoungGen      total 21504K, used 621K [0x00000000d5580000, 0x00000000d6b80000, 0x0000000100000000)
  eden space 20480K, 0% used [0x00000000d5580000,0x00000000d5580000,0x00000000d6980000)
  from space 1024K, 60% used [0x00000000d6980000,0x00000000d6a1b5a8,0x00000000d6a80000)
  to   space 1024K, 0% used [0x00000000d6a80000,0x00000000d6a80000,0x00000000d6b80000)
 ParOldGen       total 78336K, used 77927K [0x0000000080000000, 0x0000000084c80000, 0x00000000d5580000)
  object space 78336K, 99% used [0x0000000080000000,0x0000000084c19f90,0x0000000084c80000)
 Metaspace       used 54091K, committed 55424K, reserved 1114112K
  class space    used 5732K, committed 6336K, reserved 1048576K
}
Event: 41.335 GC heap before
{Heap before GC invocations=66 (full 2):
 PSYoungGen      total 21504K, used 21101K [0x00000000d5580000, 0x00000000d6b80000, 0x0000000100000000)
  eden space 20480K, 100% used [0x00000000d5580000,0x00000000d6980000,0x00000000d6980000)
  from space 1024K, 60% used [0x00000000d6980000,0x00000000d6a1b5a8,0x00000000d6a80000)
  to   space 1024K, 0% used [0x00000000d6a80000,0x00000000d6a80000,0x00000000d6b80000)
 ParOldGen       total 78336K, used 77927K [0x0000000080000000, 0x0000000084c80000, 0x00000000d5580000)
  object space 78336K, 99% used [0x0000000080000000,0x0000000084c19f90,0x0000000084c80000)
 Metaspace       used 54114K, committed 55424K, reserved 1114112K
  class space    used 5732K, committed 6336K, reserved 1048576K
}
Event: 41.339 GC heap after
{Heap after GC invocations=66 (full 2):
 PSYoungGen      total 21504K, used 576K [0x00000000d5580000, 0x00000000d6b80000, 0x0000000100000000)
  eden space 20480K, 0% used [0x00000000d5580000,0x00000000d5580000,0x00000000d6980000)
  from space 1024K, 56% used [0x00000000d6a80000,0x00000000d6b10000,0x00000000d6b80000)
  to   space 1024K, 0% used [0x00000000d6980000,0x00000000d6980000,0x00000000d6a80000)
 ParOldGen       total 78848K, used 78343K [0x0000000080000000, 0x0000000084d00000, 0x00000000d5580000)
  object space 78848K, 99% used [0x0000000080000000,0x0000000084c81f90,0x0000000084d00000)
 Metaspace       used 54114K, committed 55424K, reserved 1114112K
  class space    used 5732K, committed 6336K, reserved 1048576K
}
Event: 41.466 GC heap before
{Heap before GC invocations=67 (full 2):
 PSYoungGen      total 21504K, used 21056K [0x00000000d5580000, 0x00000000d6b80000, 0x0000000100000000)
  eden space 20480K, 100% used [0x00000000d5580000,0x00000000d6980000,0x00000000d6980000)
  from space 1024K, 56% used [0x00000000d6a80000,0x00000000d6b10000,0x00000000d6b80000)
  to   space 1024K, 0% used [0x00000000d6980000,0x00000000d6980000,0x00000000d6a80000)
 ParOldGen       total 78848K, used 78343K [0x0000000080000000, 0x0000000084d00000, 0x00000000d5580000)
  object space 78848K, 99% used [0x0000000080000000,0x0000000084c81f90,0x0000000084d00000)
 Metaspace       used 54158K, committed 55552K, reserved 1114112K
  class space    used 5733K, committed 6336K, reserved 1048576K
}
Event: 41.469 GC heap after
{Heap after GC invocations=67 (full 2):
 PSYoungGen      total 21504K, used 987K [0x00000000d5580000, 0x00000000d6c80000, 0x0000000100000000)
  eden space 20480K, 0% used [0x00000000d5580000,0x00000000d5580000,0x00000000d6980000)
  from space 1024K, 96% used [0x00000000d6980000,0x00000000d6a76c38,0x00000000d6a80000)
  to   space 1536K, 0% used [0x00000000d6b00000,0x00000000d6b00000,0x00000000d6c80000)
 ParOldGen       total 78848K, used 78767K [0x0000000080000000, 0x0000000084d00000, 0x00000000d5580000)
  object space 78848K, 99% used [0x0000000080000000,0x0000000084cebf90,0x0000000084d00000)
 Metaspace       used 54158K, committed 55552K, reserved 1114112K
  class space    used 5733K, committed 6336K, reserved 1048576K
}
Event: 41.586 GC heap before
{Heap before GC invocations=68 (full 2):
 PSYoungGen      total 21504K, used 21465K [0x00000000d5580000, 0x00000000d6c80000, 0x0000000100000000)
  eden space 20480K, 99% used [0x00000000d5580000,0x00000000d697f9e8,0x00000000d6980000)
  from space 1024K, 96% used [0x00000000d6980000,0x00000000d6a76c38,0x00000000d6a80000)
  to   space 1536K, 0% used [0x00000000d6b00000,0x00000000d6b00000,0x00000000d6c80000)
 ParOldGen       total 78848K, used 78767K [0x0000000080000000, 0x0000000084d00000, 0x00000000d5580000)
  object space 78848K, 99% used [0x0000000080000000,0x0000000084cebf90,0x0000000084d00000)
 Metaspace       used 54170K, committed 55552K, reserved 1114112K
  class space    used 5733K, committed 6336K, reserved 1048576K
}
Event: 41.589 GC heap after
{Heap after GC invocations=68 (full 2):
 PSYoungGen      total 20992K, used 384K [0x00000000d5580000, 0x00000000d6b80000, 0x0000000100000000)
  eden space 20480K, 0% used [0x00000000d5580000,0x00000000d5580000,0x00000000d6980000)
  from space 512K, 75% used [0x00000000d6b00000,0x00000000d6b60000,0x00000000d6b80000)
  to   space 1024K, 0% used [0x00000000d6980000,0x00000000d6980000,0x00000000d6a80000)
 ParOldGen       total 79872K, used 79439K [0x0000000080000000, 0x0000000084e00000, 0x00000000d5580000)
  object space 79872K, 99% used [0x0000000080000000,0x0000000084d93fb0,0x0000000084e00000)
 Metaspace       used 54170K, committed 55552K, reserved 1114112K
  class space    used 5733K, committed 6336K, reserved 1048576K
}
Event: 41.862 GC heap before
{Heap before GC invocations=69 (full 2):
 PSYoungGen      total 20992K, used 20864K [0x00000000d5580000, 0x00000000d6b80000, 0x0000000100000000)
  eden space 20480K, 100% used [0x00000000d5580000,0x00000000d6980000,0x00000000d6980000)
  from space 512K, 75% used [0x00000000d6b00000,0x00000000d6b60000,0x00000000d6b80000)
  to   space 1024K, 0% used [0x00000000d6980000,0x00000000d6980000,0x00000000d6a80000)
 ParOldGen       total 79872K, used 79439K [0x0000000080000000, 0x0000000084e00000, 0x00000000d5580000)
  object space 79872K, 99% used [0x0000000080000000,0x0000000084d93fb0,0x0000000084e00000)
 Metaspace       used 54199K, committed 55552K, reserved 1114112K
  class space    used 5736K, committed 6336K, reserved 1048576K
}
Event: 41.865 GC heap after
{Heap after GC invocations=69 (full 2):
 PSYoungGen      total 21504K, used 576K [0x00000000d5580000, 0x00000000d6b80000, 0x0000000100000000)
  eden space 20480K, 0% used [0x00000000d5580000,0x00000000d5580000,0x00000000d6980000)
  from space 1024K, 56% used [0x00000000d6980000,0x00000000d6a10000,0x00000000d6a80000)
  to   space 1024K, 0% used [0x00000000d6a80000,0x00000000d6a80000,0x00000000d6b80000)
 ParOldGen       total 79872K, used 79703K [0x0000000080000000, 0x0000000084e00000, 0x00000000d5580000)
  object space 79872K, 99% used [0x0000000080000000,0x0000000084dd5fb0,0x0000000084e00000)
 Metaspace       used 54199K, committed 55552K, reserved 1114112K
  class space    used 5736K, committed 6336K, reserved 1048576K
}
Event: 42.022 GC heap before
{Heap before GC invocations=70 (full 2):
 PSYoungGen      total 21504K, used 21056K [0x00000000d5580000, 0x00000000d6b80000, 0x0000000100000000)
  eden space 20480K, 100% used [0x00000000d5580000,0x00000000d6980000,0x00000000d6980000)
  from space 1024K, 56% used [0x00000000d6980000,0x00000000d6a10000,0x00000000d6a80000)
  to   space 1024K, 0% used [0x00000000d6a80000,0x00000000d6a80000,0x00000000d6b80000)
 ParOldGen       total 79872K, used 79703K [0x0000000080000000, 0x0000000084e00000, 0x00000000d5580000)
  object space 79872K, 99% used [0x0000000080000000,0x0000000084dd5fb0,0x0000000084e00000)
 Metaspace       used 54202K, committed 55552K, reserved 1114112K
  class space    used 5736K, committed 6336K, reserved 1048576K
}
Event: 42.024 GC heap after
{Heap after GC invocations=70 (full 2):
 PSYoungGen      total 21504K, used 774K [0x00000000d5580000, 0x00000000d6b80000, 0x0000000100000000)
  eden space 20480K, 0% used [0x00000000d5580000,0x00000000d5580000,0x00000000d6980000)
  from space 1024K, 75% used [0x00000000d6a80000,0x00000000d6b41af8,0x00000000d6b80000)
  to   space 1024K, 0% used [0x00000000d6980000,0x00000000d6980000,0x00000000d6a80000)
 ParOldGen       total 80384K, used 80047K [0x0000000080000000, 0x0000000084e80000, 0x00000000d5580000)
  object space 80384K, 99% used [0x0000000080000000,0x0000000084e2bfb0,0x0000000084e80000)
 Metaspace       used 54202K, committed 55552K, reserved 1114112K
  class space    used 5736K, committed 6336K, reserved 1048576K
}
Event: 42.125 GC heap before
{Heap before GC invocations=71 (full 2):
 PSYoungGen      total 21504K, used 21254K [0x00000000d5580000, 0x00000000d6b80000, 0x0000000100000000)
  eden space 20480K, 100% used [0x00000000d5580000,0x00000000d6980000,0x00000000d6980000)
  from space 1024K, 75% used [0x00000000d6a80000,0x00000000d6b41af8,0x00000000d6b80000)
  to   space 1024K, 0% used [0x00000000d6980000,0x00000000d6980000,0x00000000d6a80000)
 ParOldGen       total 80384K, used 80047K [0x0000000080000000, 0x0000000084e80000, 0x00000000d5580000)
  object space 80384K, 99% used [0x0000000080000000,0x0000000084e2bfb0,0x0000000084e80000)
 Metaspace       used 54203K, committed 55552K, reserved 1114112K
  class space    used 5736K, committed 6336K, reserved 1048576K
}
Event: 42.127 GC heap after
{Heap after GC invocations=71 (full 2):
 PSYoungGen      total 21504K, used 694K [0x00000000d5580000, 0x00000000d6b80000, 0x0000000100000000)
  eden space 20480K, 0% used [0x00000000d5580000,0x00000000d5580000,0x00000000d6980000)
  from space 1024K, 67% used [0x00000000d6980000,0x00000000d6a2d880,0x00000000d6a80000)
  to   space 1024K, 0% used [0x00000000d6a80000,0x00000000d6a80000,0x00000000d6b80000)
 ParOldGen       total 80896K, used 80439K [0x0000000080000000, 0x0000000084f00000, 0x00000000d5580000)
  object space 80896K, 99% used [0x0000000080000000,0x0000000084e8dfb0,0x0000000084f00000)
 Metaspace       used 54203K, committed 55552K, reserved 1114112K
  class space    used 5736K, committed 6336K, reserved 1048576K
}
Event: 42.278 GC heap before
{Heap before GC invocations=72 (full 2):
 PSYoungGen      total 21504K, used 21174K [0x00000000d5580000, 0x00000000d6b80000, 0x0000000100000000)
  eden space 20480K, 100% used [0x00000000d5580000,0x00000000d6980000,0x00000000d6980000)
  from space 1024K, 67% used [0x00000000d6980000,0x00000000d6a2d880,0x00000000d6a80000)
  to   space 1024K, 0% used [0x00000000d6a80000,0x00000000d6a80000,0x00000000d6b80000)
 ParOldGen       total 80896K, used 80439K [0x0000000080000000, 0x0000000084f00000, 0x00000000d5580000)
  object space 80896K, 99% used [0x0000000080000000,0x0000000084e8dfb0,0x0000000084f00000)
 Metaspace       used 54214K, committed 55616K, reserved 1114112K
  class space    used 5736K, committed 6336K, reserved 1048576K
}
Event: 42.280 GC heap after
{Heap after GC invocations=72 (full 2):
 PSYoungGen      total 21504K, used 714K [0x00000000d5580000, 0x00000000d6b80000, 0x0000000100000000)
  eden space 20480K, 0% used [0x00000000d5580000,0x00000000d5580000,0x00000000d6980000)
  from space 1024K, 69% used [0x00000000d6a80000,0x00000000d6b32b30,0x00000000d6b80000)
  to   space 1024K, 0% used [0x00000000d6980000,0x00000000d6980000,0x00000000d6a80000)
 ParOldGen       total 81408K, used 80909K [0x0000000080000000, 0x0000000084f80000, 0x00000000d5580000)
  object space 81408K, 99% used [0x0000000080000000,0x0000000084f037b0,0x0000000084f80000)
 Metaspace       used 54214K, committed 55616K, reserved 1114112K
  class space    used 5736K, committed 6336K, reserved 1048576K
}
Event: 42.717 GC heap before
{Heap before GC invocations=73 (full 2):
 PSYoungGen      total 21504K, used 21194K [0x00000000d5580000, 0x00000000d6b80000, 0x0000000100000000)
  eden space 20480K, 100% used [0x00000000d5580000,0x00000000d6980000,0x00000000d6980000)
  from space 1024K, 69% used [0x00000000d6a80000,0x00000000d6b32b30,0x00000000d6b80000)
  to   space 1024K, 0% used [0x00000000d6980000,0x00000000d6980000,0x00000000d6a80000)
 ParOldGen       total 81408K, used 80909K [0x0000000080000000, 0x0000000084f80000, 0x00000000d5580000)
  object space 81408K, 99% used [0x0000000080000000,0x0000000084f037b0,0x0000000084f80000)
 Metaspace       used 55590K, committed 56960K, reserved 1114112K
  class space    used 5873K, committed 6464K, reserved 1048576K
}
Event: 42.720 GC heap after
{Heap after GC invocations=73 (full 2):
 PSYoungGen      total 21504K, used 856K [0x00000000d5580000, 0x00000000d6b80000, 0x0000000100000000)
  eden space 20480K, 0% used [0x00000000d5580000,0x00000000d5580000,0x00000000d6980000)
  from space 1024K, 83% used [0x00000000d6980000,0x00000000d6a562e8,0x00000000d6a80000)
  to   space 1024K, 0% used [0x00000000d6a80000,0x00000000d6a80000,0x00000000d6b80000)
 ParOldGen       total 81920K, used 81415K [0x0000000080000000, 0x0000000085000000, 0x00000000d5580000)
  object space 81920K, 99% used [0x0000000080000000,0x0000000084f81fb0,0x0000000085000000)
 Metaspace       used 55590K, committed 56960K, reserved 1114112K
  class space    used 5873K, committed 6464K, reserved 1048576K
}

