# JRE version: OpenJDK Runtime Environment Temurin-21.0.10+7 (21.0.10+7) (build 21.0.10+7-LTS)
# Java VM: OpenJDK 64-Bit Server VM Temurin-21.0.10+7 (21.0.10+7-LTS, mixed mode, sharing, tiered, compressed oops, compressed class ptrs, parallel gc, windows-amd64)
GC Precious Log:
 CardTable entry size: 512
 CPUs: 12 total, 12 available
 Memory: 7518M
 Large Page Support: Disabled
 NUMA Support: Disabled
 Compressed Oops: Enabled (32-bit)
 Alignments: Space 512K, Generation 512K, Heap 2M
 Heap Min Capacity: 100M
 Heap Initial Capacity: 100M
 Heap Max Capacity: 2G
 Pre-touch: Disabled
 Parallel Workers: 10
Heap:
 PSYoungGen      total 19968K, used 8805K [0x00000000d5580000, 0x00000000d6b00000, 0x0000000100000000)
  eden space 18944K, 41% used [0x00000000d5580000,0x00000000d5d2f928,0x00000000d6800000)
  from space 1024K, 91% used [0x00000000d6900000,0x00000000d69e9e68,0x00000000d6a00000)
  to   space 1024K, 0% used [0x00000000d6a00000,0x00000000d6a00000,0x00000000d6b00000)
 ParOldGen       total 96256K, used 72897K [0x0000000080000000, 0x0000000085e00000, 0x00000000d5580000)
  object space 96256K, 75% used [0x0000000080000000,0x0000000084730478,0x0000000085e00000)
 Metaspace       used 61849K, committed 63360K, reserved 1114112K
  class space    used 6570K, committed 7232K, reserved 1048576K
GC Heap History (20 events):
Event: 66.554 GC heap before
{Heap before GC invocations=93 (full 2):
 PSYoungGen      total 19968K, used 19616K [0x00000000d5580000, 0x00000000d6a00000, 0x0000000100000000)
  eden space 18944K, 100% used [0x00000000d5580000,0x00000000d6800000,0x00000000d6800000)
  from space 1024K, 65% used [0x00000000d6900000,0x00000000d69a8000,0x00000000d6a00000)
  to   space 1024K, 0% used [0x00000000d6800000,0x00000000d6800000,0x00000000d6900000)
 ParOldGen       total 92160K, used 91912K [0x0000000080000000, 0x0000000085a00000, 0x00000000d5580000)
  object space 92160K, 99% used [0x0000000080000000,0x00000000859c21e0,0x0000000085a00000)
 Metaspace       used 54715K, committed 56192K, reserved 1114112K
  class space    used 5799K, committed 6464K, reserved 1048576K
}
Event: 66.557 GC heap after
{Heap after GC invocations=93 (full 2):
 PSYoungGen      total 19968K, used 674K [0x00000000d5580000, 0x00000000d6a00000, 0x0000000100000000)
  eden space 18944K, 0% used [0x00000000d5580000,0x00000000d5580000,0x00000000d6800000)
  from space 1024K, 65% used [0x00000000d6800000,0x00000000d68a8800,0x00000000d6900000)
  to   space 1024K, 0% used [0x00000000d6900000,0x00000000d6900000,0x00000000d6a00000)
 ParOldGen       total 92672K, used 92352K [0x0000000080000000, 0x0000000085a80000, 0x00000000d5580000)
  object space 92672K, 99% used [0x0000000080000000,0x0000000085a301e0,0x0000000085a80000)
 Metaspace       used 54715K, committed 56192K, reserved 1114112K
  class space    used 5799K, committed 6464K, reserved 1048576K
}
Event: 66.688 GC heap before
{Heap before GC invocations=94 (full 2):
 PSYoungGen      total 19968K, used 19618K [0x00000000d5580000, 0x00000000d6a00000, 0x0000000100000000)
  eden space 18944K, 100% used [0x00000000d5580000,0x00000000d6800000,0x00000000d6800000)
  from space 1024K, 65% used [0x00000000d6800000,0x00000000d68a8800,0x00000000d6900000)
  to   space 1024K, 0% used [0x00000000d6900000,0x00000000d6900000,0x00000000d6a00000)
 ParOldGen       total 92672K, used 92352K [0x0000000080000000, 0x0000000085a80000, 0x00000000d5580000)
  object space 92672K, 99% used [0x0000000080000000,0x0000000085a301e0,0x0000000085a80000)
 Metaspace       used 54716K, committed 56192K, reserved 1114112K
  class space    used 5799K, committed 6464K, reserved 1048576K
}
Event: 66.692 GC heap after
{Heap after GC invocations=94 (full 2):
 PSYoungGen      total 19968K, used 608K [0x00000000d5580000, 0x00000000d6a00000, 0x0000000100000000)
  eden space 18944K, 0% used [0x00000000d5580000,0x00000000d5580000,0x00000000d6800000)
  from space 1024K, 59% used [0x00000000d6900000,0x00000000d6998000,0x00000000d6a00000)
  to   space 1024K, 0% used [0x00000000d6800000,0x00000000d6800000,0x00000000d6900000)
 ParOldGen       total 93184K, used 92890K [0x0000000080000000, 0x0000000085b00000, 0x00000000d5580000)
  object space 93184K, 99% used [0x0000000080000000,0x0000000085ab69e0,0x0000000085b00000)
 Metaspace       used 54716K, committed 56192K, reserved 1114112K
  class space    used 5799K, committed 6464K, reserved 1048576K
}
Event: 66.983 GC heap before
{Heap before GC invocations=95 (full 2):
 PSYoungGen      total 19968K, used 19552K [0x00000000d5580000, 0x00000000d6a00000, 0x0000000100000000)
  eden space 18944K, 100% used [0x00000000d5580000,0x00000000d6800000,0x00000000d6800000)
  from space 1024K, 59% used [0x00000000d6900000,0x00000000d6998000,0x00000000d6a00000)
  to   space 1024K, 0% used [0x00000000d6800000,0x00000000d6800000,0x00000000d6900000)
 ParOldGen       total 93184K, used 92890K [0x0000000080000000, 0x0000000085b00000, 0x00000000d5580000)
  object space 93184K, 99% used [0x0000000080000000,0x0000000085ab69e0,0x0000000085b00000)
 Metaspace       used 54847K, committed 56256K, reserved 1114112K
  class space    used 5810K, committed 6464K, reserved 1048576K
}
Event: 66.987 GC heap after
{Heap after GC invocations=95 (full 2):
 PSYoungGen      total 19968K, used 1024K [0x00000000d5580000, 0x00000000d6c00000, 0x0000000100000000)
  eden space 18944K, 0% used [0x00000000d5580000,0x00000000d5580000,0x00000000d6800000)
  from space 1024K, 100% used [0x00000000d6800000,0x00000000d6900000,0x00000000d6900000)
  to   space 2048K, 0% used [0x00000000d6a00000,0x00000000d6a00000,0x00000000d6c00000)
 ParOldGen       total 94208K, used 93698K [0x0000000080000000, 0x0000000085c00000, 0x00000000d5580000)
  object space 94208K, 99% used [0x0000000080000000,0x0000000085b809e0,0x0000000085c00000)
 Metaspace       used 54847K, committed 56256K, reserved 1114112K
  class space    used 5810K, committed 6464K, reserved 1048576K
}
Event: 67.392 GC heap before
{Heap before GC invocations=96 (full 2):
 PSYoungGen      total 19968K, used 19968K [0x00000000d5580000, 0x00000000d6c00000, 0x0000000100000000)
  eden space 18944K, 100% used [0x00000000d5580000,0x00000000d6800000,0x00000000d6800000)
  from space 1024K, 100% used [0x00000000d6800000,0x00000000d6900000,0x00000000d6900000)
  to   space 2048K, 0% used [0x00000000d6a00000,0x00000000d6a00000,0x00000000d6c00000)
 ParOldGen       total 94208K, used 93698K [0x0000000080000000, 0x0000000085c00000, 0x00000000d5580000)
  object space 94208K, 99% used [0x0000000080000000,0x0000000085b809e0,0x0000000085c00000)
 Metaspace       used 56587K, committed 57984K, reserved 1114112K
  class space    used 6022K, committed 6656K, reserved 1048576K
}
Event: 67.396 GC heap after
{Heap after GC invocations=96 (full 2):
 PSYoungGen      total 20480K, used 1160K [0x00000000d5580000, 0x00000000d6b80000, 0x0000000100000000)
  eden space 18944K, 0% used [0x00000000d5580000,0x00000000d5580000,0x00000000d6800000)
  from space 1536K, 75% used [0x00000000d6a00000,0x00000000d6b22038,0x00000000d6b80000)
  to   space 1536K, 0% used [0x00000000d6880000,0x00000000d6880000,0x00000000d6a00000)
 ParOldGen       total 95232K, used 94722K [0x0000000080000000, 0x0000000085d00000, 0x00000000d5580000)
  object space 95232K, 99% used [0x0000000080000000,0x0000000085c809e0,0x0000000085d00000)
 Metaspace       used 56587K, committed 57984K, reserved 1114112K
  class space    used 6022K, committed 6656K, reserved 1048576K
}
Event: 68.426 GC heap before
{Heap before GC invocations=97 (full 2):
 PSYoungGen      total 20480K, used 20104K [0x00000000d5580000, 0x00000000d6b80000, 0x0000000100000000)
  eden space 18944K, 100% used [0x00000000d5580000,0x00000000d6800000,0x00000000d6800000)
  from space 1536K, 75% used [0x00000000d6a00000,0x00000000d6b22038,0x00000000d6b80000)
  to   space 1536K, 0% used [0x00000000d6880000,0x00000000d6880000,0x00000000d6a00000)
 ParOldGen       total 95232K, used 94722K [0x0000000080000000, 0x0000000085d00000, 0x00000000d5580000)
  object space 95232K, 99% used [0x0000000080000000,0x0000000085c809e0,0x0000000085d00000)
 Metaspace       used 57865K, committed 59392K, reserved 1114112K
  class space    used 6159K, committed 6848K, reserved 1048576K
}
Event: 68.429 GC heap after
{Heap after GC invocations=97 (full 2):
 PSYoungGen      total 19968K, used 626K [0x00000000d5580000, 0x00000000d6a80000, 0x0000000100000000)
  eden space 18944K, 0% used [0x00000000d5580000,0x00000000d5580000,0x00000000d6800000)
  from space 1024K, 61% used [0x00000000d6880000,0x00000000d691cb08,0x00000000d6980000)
  to   space 1024K, 0% used [0x00000000d6980000,0x00000000d6980000,0x00000000d6a80000)
 ParOldGen       total 95744K, used 95718K [0x0000000080000000, 0x0000000085d80000, 0x00000000d5580000)
  object space 95744K, 99% used [0x0000000080000000,0x0000000085d79bc0,0x0000000085d80000)
 Metaspace       used 57865K, committed 59392K, reserved 1114112K
  class space    used 6159K, committed 6848K, reserved 1048576K
}
Event: 68.721 GC heap before
{Heap before GC invocations=98 (full 2):
 PSYoungGen      total 19968K, used 10834K [0x00000000d5580000, 0x00000000d6a80000, 0x0000000100000000)
  eden space 18944K, 53% used [0x00000000d5580000,0x00000000d5f77ed0,0x00000000d6800000)
  from space 1024K, 61% used [0x00000000d6880000,0x00000000d691cb08,0x00000000d6980000)
  to   space 1024K, 0% used [0x00000000d6980000,0x00000000d6980000,0x00000000d6a80000)
 ParOldGen       total 95744K, used 95718K [0x0000000080000000, 0x0000000085d80000, 0x00000000d5580000)
  object space 95744K, 99% used [0x0000000080000000,0x0000000085d79bc0,0x0000000085d80000)
 Metaspace       used 58361K, committed 59776K, reserved 1114112K
  class space    used 6211K, committed 6848K, reserved 1048576K
}
Event: 68.723 GC heap after
{Heap after GC invocations=98 (full 2):
 PSYoungGen      total 19456K, used 384K [0x00000000d5580000, 0x00000000d6a00000, 0x0000000100000000)
  eden space 18944K, 0% used [0x00000000d5580000,0x00000000d5580000,0x00000000d6800000)
  from space 512K, 75% used [0x00000000d6980000,0x00000000d69e0010,0x00000000d6a00000)
  to   space 1024K, 0% used [0x00000000d6800000,0x00000000d6800000,0x00000000d6900000)
 ParOldGen       total 96256K, used 96179K [0x0000000080000000, 0x0000000085e00000, 0x00000000d5580000)
  object space 96256K, 99% used [0x0000000080000000,0x0000000085decf90,0x0000000085e00000)
 Metaspace       used 58361K, committed 59776K, reserved 1114112K
  class space    used 6211K, committed 6848K, reserved 1048576K
}
Event: 68.723 GC heap before
{Heap before GC invocations=99 (full 3):
 PSYoungGen      total 19456K, used 384K [0x00000000d5580000, 0x00000000d6a00000, 0x0000000100000000)
  eden space 18944K, 0% used [0x00000000d5580000,0x00000000d5580000,0x00000000d6800000)
  from space 512K, 75% used [0x00000000d6980000,0x00000000d69e0010,0x00000000d6a00000)
  to   space 1024K, 0% used [0x00000000d6800000,0x00000000d6800000,0x00000000d6900000)
 ParOldGen       total 96256K, used 96179K [0x0000000080000000, 0x0000000085e00000, 0x00000000d5580000)
  object space 96256K, 99% used [0x0000000080000000,0x0000000085decf90,0x0000000085e00000)
 Metaspace       used 58361K, committed 59776K, reserved 1114112K
  class space    used 6211K, committed 6848K, reserved 1048576K
}
Event: 69.241 GC heap after
{Heap after GC invocations=99 (full 3):
 PSYoungGen      total 19456K, used 0K [0x00000000d5580000, 0x00000000d6a00000, 0x0000000100000000)
  eden space 18944K, 0% used [0x00000000d5580000,0x00000000d5580000,0x00000000d6800000)
  from space 512K, 0% used [0x00000000d6980000,0x00000000d6980000,0x00000000d6a00000)
  to   space 1024K, 0% used [0x00000000d6800000,0x00000000d6800000,0x00000000d6900000)
 ParOldGen       total 96256K, used 70916K [0x0000000080000000, 0x0000000085e00000, 0x00000000d5580000)
  object space 96256K, 73% used [0x0000000080000000,0x00000000845412e0,0x0000000085e00000)
 Metaspace       used 58354K, committed 59776K, reserved 1114112K
  class space    used 6209K, committed 6848K, reserved 1048576K
}
Event: 69.632 GC heap before
{Heap before GC invocations=100 (full 3):
 PSYoungGen      total 19456K, used 18944K [0x00000000d5580000, 0x00000000d6a00000, 0x0000000100000000)
  eden space 18944K, 100% used [0x00000000d5580000,0x00000000d6800000,0x00000000d6800000)
  from space 512K, 0% used [0x00000000d6980000,0x00000000d6980000,0x00000000d6a00000)
  to   space 1024K, 0% used [0x00000000d6800000,0x00000000d6800000,0x00000000d6900000)
 ParOldGen       total 96256K, used 70916K [0x0000000080000000, 0x0000000085e00000, 0x00000000d5580000)
  object space 96256K, 73% used [0x0000000080000000,0x00000000845412e0,0x0000000085e00000)
 Metaspace       used 59613K, committed 61056K, reserved 1114112K
  class space    used 6334K, committed 6976K, reserved 1048576K
}
Event: 69.635 GC heap after
{Heap after GC invocations=100 (full 3):
 PSYoungGen      total 19968K, used 997K [0x00000000d5580000, 0x00000000d6d00000, 0x0000000100000000)
  eden space 18944K, 0% used [0x00000000d5580000,0x00000000d5580000,0x00000000d6800000)
  from space 1024K, 97% used [0x00000000d6800000,0x00000000d68f95c0,0x00000000d6900000)
  to   space 2560K, 0% used [0x00000000d6a80000,0x00000000d6a80000,0x00000000d6d00000)
 ParOldGen       total 96256K, used 71875K [0x0000000080000000, 0x0000000085e00000, 0x00000000d5580000)
  object space 96256K, 74% used [0x0000000080000000,0x0000000084630e28,0x0000000085e00000)
 Metaspace       used 59613K, committed 61056K, reserved 1114112K
  class space    used 6334K, committed 6976K, reserved 1048576K
}
Event: 69.791 GC heap before
{Heap before GC invocations=101 (full 3):
 PSYoungGen      total 19968K, used 19941K [0x00000000d5580000, 0x00000000d6d00000, 0x0000000100000000)
  eden space 18944K, 100% used [0x00000000d5580000,0x00000000d6800000,0x00000000d6800000)
  from space 1024K, 97% used [0x00000000d6800000,0x00000000d68f95c0,0x00000000d6900000)
  to   space 2560K, 0% used [0x00000000d6a80000,0x00000000d6a80000,0x00000000d6d00000)
 ParOldGen       total 96256K, used 71875K [0x0000000080000000, 0x0000000085e00000, 0x00000000d5580000)
  object space 96256K, 74% used [0x0000000080000000,0x0000000084630e28,0x0000000085e00000)
 Metaspace       used 59637K, committed 61056K, reserved 1114112K
  class space    used 6334K, committed 6976K, reserved 1048576K
}
Event: 69.794 GC heap after
{Heap after GC invocations=101 (full 3):
 PSYoungGen      total 20480K, used 1161K [0x00000000d5580000, 0x00000000d6c00000, 0x0000000100000000)
  eden space 18944K, 0% used [0x00000000d5580000,0x00000000d5580000,0x00000000d6800000)
  from space 1536K, 75% used [0x00000000d6a80000,0x00000000d6ba2710,0x00000000d6c00000)
  to   space 1536K, 0% used [0x00000000d6900000,0x00000000d6900000,0x00000000d6a80000)
 ParOldGen       total 96256K, used 72689K [0x0000000080000000, 0x0000000085e00000, 0x00000000d5580000)
  object space 96256K, 75% used [0x0000000080000000,0x00000000846fc478,0x0000000085e00000)
 Metaspace       used 59637K, committed 61056K, reserved 1114112K
  class space    used 6334K, committed 6976K, reserved 1048576K
}
Event: 70.030 GC heap before
{Heap before GC invocations=102 (full 3):
 PSYoungGen      total 20480K, used 20105K [0x00000000d5580000, 0x00000000d6c00000, 0x0000000100000000)
  eden space 18944K, 100% used [0x00000000d5580000,0x00000000d6800000,0x00000000d6800000)
  from space 1536K, 75% used [0x00000000d6a80000,0x00000000d6ba2710,0x00000000d6c00000)
  to   space 1536K, 0% used [0x00000000d6900000,0x00000000d6900000,0x00000000d6a80000)
 ParOldGen       total 96256K, used 72689K [0x0000000080000000, 0x0000000085e00000, 0x00000000d5580000)
  object space 96256K, 75% used [0x0000000080000000,0x00000000846fc478,0x0000000085e00000)
 Metaspace       used 61042K, committed 62528K, reserved 1114112K
  class space    used 6460K, committed 7104K, reserved 1048576K
}
Event: 70.035 GC heap after
{Heap after GC invocations=102 (full 3):
 PSYoungGen      total 19968K, used 935K [0x00000000d5580000, 0x00000000d6b00000, 0x0000000100000000)
  eden space 18944K, 0% used [0x00000000d5580000,0x00000000d5580000,0x00000000d6800000)
  from space 1024K, 91% used [0x00000000d6900000,0x00000000d69e9e68,0x00000000d6a00000)
  to   space 1024K, 0% used [0x00000000d6a00000,0x00000000d6a00000,0x00000000d6b00000)
 ParOldGen       total 96256K, used 72897K [0x0000000080000000, 0x0000000085e00000, 0x00000000d5580000)
  object space 96256K, 75% used [0x0000000080000000,0x0000000084730478,0x0000000085e00000)
 Metaspace       used 61042K, committed 62528K, reserved 1114112K
  class space    used 6460K, committed 7104K, reserved 1048576K
}

