# JRE version: OpenJDK Runtime Environment Corretto-21.0.11.10.1 (21.0.11+10) (build 21.0.11+10-LTS)
# Java VM: OpenJDK 64-Bit Server VM Corretto-21.0.11.10.1 (21.0.11+10-LTS, mixed mode, sharing, tiered, compressed oops, compressed class ptrs, g1 gc, windows-amd64)
GC Precious Log:
 CardTable entry size: 512
 Card Set container configuration: InlinePtr #cards 5 size 8 Array Of Cards #cards 12 size 40 Howl #buckets 4 coarsen threshold 1843 Howl Bitmap #cards 512 size 80 coarsen threshold 460 Card regions per heap region 1 cards per card region 2048
 CPUs: 12 total, 12 available
 Memory: 7518M
 Large Page Support: Disabled
 NUMA Support: Disabled
 Compressed Oops: Enabled (32-bit)
 Heap Region Size: 1M
 Heap Min Capacity: 8M
 Heap Initial Capacity: 118M
 Heap Max Capacity: 1880M
 Pre-touch: Disabled
 Parallel Workers: 10
 Concurrent Workers: 3
 Concurrent Refinement Workers: 10
 Periodic GC: Disabled
Heap:
 garbage-first heap   total 140288K, used 94601K [0x000000008a800000, 0x0000000100000000)
  region size 1024K, 3 young (3072K), 3 survivors (3072K)
 Metaspace       used 103241K, committed 104192K, reserved 1179648K
  class space    used 14642K, committed 15040K, reserved 1048576K
GC Heap History (20 events):
Event: 22.565 GC heap after
{Heap after GC invocations=17 (full 0):
 garbage-first heap   total 79872K, used 35356K [0x000000008a800000, 0x0000000100000000)
  region size 1024K, 4 young (4096K), 4 survivors (4096K)
 Metaspace       used 76761K, committed 77504K, reserved 1179648K
  class space    used 10612K, committed 10944K, reserved 1048576K
}
Event: 25.273 GC heap before
{Heap before GC invocations=17 (full 0):
 garbage-first heap   total 79872K, used 72220K [0x000000008a800000, 0x0000000100000000)
  region size 1024K, 40 young (40960K), 4 survivors (4096K)
 Metaspace       used 82129K, committed 82944K, reserved 1179648K
  class space    used 11470K, committed 11840K, reserved 1048576K
}
Event: 25.279 GC heap after
{Heap after GC invocations=18 (full 0):
 garbage-first heap   total 79872K, used 38559K [0x000000008a800000, 0x0000000100000000)
  region size 1024K, 5 young (5120K), 5 survivors (5120K)
 Metaspace       used 82129K, committed 82944K, reserved 1179648K
  class space    used 11470K, committed 11840K, reserved 1048576K
}
Event: 25.632 GC heap before
{Heap before GC invocations=18 (full 0):
 garbage-first heap   total 79872K, used 71327K [0x000000008a800000, 0x0000000100000000)
  region size 1024K, 38 young (38912K), 5 survivors (5120K)
 Metaspace       used 86543K, committed 87296K, reserved 1179648K
  class space    used 12272K, committed 12608K, reserved 1048576K
}
Event: 25.639 GC heap after
{Heap after GC invocations=19 (full 0):
 garbage-first heap   total 80896K, used 41528K [0x000000008a800000, 0x0000000100000000)
  region size 1024K, 3 young (3072K), 3 survivors (3072K)
 Metaspace       used 86543K, committed 87296K, reserved 1179648K
  class space    used 12272K, committed 12608K, reserved 1048576K
}
Event: 25.739 GC heap before
{Heap before GC invocations=20 (full 0):
 garbage-first heap   total 80896K, used 73272K [0x000000008a800000, 0x0000000100000000)
  region size 1024K, 34 young (34816K), 3 survivors (3072K)
 Metaspace       used 86590K, committed 87360K, reserved 1179648K
  class space    used 12284K, committed 12672K, reserved 1048576K
}
Event: 25.741 GC heap after
{Heap after GC invocations=21 (full 0):
 garbage-first heap   total 80896K, used 41627K [0x000000008a800000, 0x0000000100000000)
  region size 1024K, 3 young (3072K), 3 survivors (3072K)
 Metaspace       used 86590K, committed 87360K, reserved 1179648K
  class space    used 12284K, committed 12672K, reserved 1048576K
}
Event: 26.149 GC heap before
{Heap before GC invocations=21 (full 0):
 garbage-first heap   total 80896K, used 74395K [0x000000008a800000, 0x0000000100000000)
  region size 1024K, 35 young (35840K), 3 survivors (3072K)
 Metaspace       used 90351K, committed 91200K, reserved 1179648K
  class space    used 12809K, committed 13184K, reserved 1048576K
}
Event: 26.154 GC heap after
{Heap after GC invocations=22 (full 0):
 garbage-first heap   total 80896K, used 43018K [0x000000008a800000, 0x0000000100000000)
  region size 1024K, 3 young (3072K), 3 survivors (3072K)
 Metaspace       used 90351K, committed 91200K, reserved 1179648K
  class space    used 12809K, committed 13184K, reserved 1048576K
}
Event: 26.554 GC heap before
{Heap before GC invocations=22 (full 0):
 garbage-first heap   total 80896K, used 73738K [0x000000008a800000, 0x0000000100000000)
  region size 1024K, 33 young (33792K), 3 survivors (3072K)
 Metaspace       used 93034K, committed 93888K, reserved 1179648K
  class space    used 13193K, committed 13568K, reserved 1048576K
}
Event: 26.557 GC heap after
{Heap after GC invocations=23 (full 0):
 garbage-first heap   total 97280K, used 44693K [0x000000008a800000, 0x0000000100000000)
  region size 1024K, 4 young (4096K), 4 survivors (4096K)
 Metaspace       used 93034K, committed 93888K, reserved 1179648K
  class space    used 13193K, committed 13568K, reserved 1048576K
}
Event: 27.043 GC heap before
{Heap before GC invocations=24 (full 0):
 garbage-first heap   total 97280K, used 90773K [0x000000008a800000, 0x0000000100000000)
  region size 1024K, 48 young (49152K), 4 survivors (4096K)
 Metaspace       used 95395K, committed 96256K, reserved 1179648K
  class space    used 13546K, committed 13952K, reserved 1048576K
}
Event: 27.055 GC heap after
{Heap after GC invocations=25 (full 0):
 garbage-first heap   total 102400K, used 52408K [0x000000008a800000, 0x0000000100000000)
  region size 1024K, 6 young (6144K), 6 survivors (6144K)
 Metaspace       used 95395K, committed 96256K, reserved 1179648K
  class space    used 13546K, committed 13952K, reserved 1048576K
}
Event: 27.171 GC heap before
{Heap before GC invocations=25 (full 0):
 garbage-first heap   total 102400K, used 96440K [0x000000008a800000, 0x0000000100000000)
  region size 1024K, 43 young (44032K), 6 survivors (6144K)
 Metaspace       used 95555K, committed 96384K, reserved 1179648K
  class space    used 13574K, committed 13952K, reserved 1048576K
}
Event: 28.207 GC heap after
{Heap after GC invocations=26 (full 0):
 garbage-first heap   total 121856K, used 75936K [0x000000008a800000, 0x0000000100000000)
  region size 1024K, 6 young (6144K), 6 survivors (6144K)
 Metaspace       used 95555K, committed 96384K, reserved 1179648K
  class space    used 13574K, committed 13952K, reserved 1048576K
}
Event: 28.225 GC heap before
{Heap before GC invocations=26 (full 0):
 garbage-first heap   total 121856K, used 84128K [0x000000008a800000, 0x0000000100000000)
  region size 1024K, 15 young (15360K), 6 survivors (6144K)
 Metaspace       used 95557K, committed 96384K, reserved 1179648K
  class space    used 13574K, committed 13952K, reserved 1048576K
}
Event: 28.234 GC heap after
{Heap after GC invocations=27 (full 0):
 garbage-first heap   total 121856K, used 80503K [0x000000008a800000, 0x0000000100000000)
  region size 1024K, 4 young (4096K), 4 survivors (4096K)
 Metaspace       used 95557K, committed 96384K, reserved 1179648K
  class space    used 13574K, committed 13952K, reserved 1048576K
}
Event: 28.614 GC heap before
{Heap before GC invocations=28 (full 0):
 garbage-first heap   total 138240K, used 104055K [0x000000008a800000, 0x0000000100000000)
  region size 1024K, 26 young (26624K), 4 survivors (4096K)
 Metaspace       used 98782K, committed 99648K, reserved 1179648K
  class space    used 14023K, committed 14400K, reserved 1048576K
}
Event: 28.625 GC heap after
{Heap after GC invocations=29 (full 0):
 garbage-first heap   total 138240K, used 91533K [0x000000008a800000, 0x0000000100000000)
  region size 1024K, 4 young (4096K), 4 survivors (4096K)
 Metaspace       used 98782K, committed 99648K, reserved 1179648K
  class space    used 14023K, committed 14400K, reserved 1048576K
}
Event: 30.172 GC heap before
{Heap before GC invocations=29 (full 0):
 garbage-first heap   total 138240K, used 115085K [0x000000008a800000, 0x0000000100000000)
  region size 1024K, 27 young (27648K), 4 survivors (4096K)
 Metaspace       used 103241K, committed 104192K, reserved 1179648K
  class space    used 14642K, committed 15040K, reserved 1048576K
}

