# JRE version: OpenJDK Runtime Environment Temurin-21.0.10+7 (21.0.10+7) (build 21.0.10+7-LTS)
# Java VM: OpenJDK 64-Bit Server VM Temurin-21.0.10+7 (21.0.10+7-LTS, mixed mode, sharing, tiered, compressed oops, compressed class ptrs, parallel gc, windows-amd64)
GC Precious Log:
 CardTable entry size: 512
 CPUs: 12 total, 12 available
 Memory: 7518M
 Large Page Support: Disabled
 NUMA Support: Disabled
 Compressed Oops: Enabled (32-bit)
 Alignments: Space 512K, Generation 512K, Heap 2M
 Heap Min Capacity: 100M
 Heap Initial Capacity: 100M
 Heap Max Capacity: 2G
 Pre-touch: Disabled
 Parallel Workers: 10
Heap:
 PSYoungGen      total 9728K, used 7305K [0x00000000d5580000, 0x00000000d6200000, 0x0000000100000000)
  eden space 9216K, 75% used [0x00000000d5580000,0x00000000d5c42600,0x00000000d5e80000)
  from space 512K, 75% used [0x00000000d6180000,0x00000000d61e0000,0x00000000d6200000)
  to   space 512K, 0% used [0x00000000d6100000,0x00000000d6100000,0x00000000d6180000)
 ParOldGen       total 71168K, used 70979K [0x0000000080000000, 0x0000000084580000, 0x00000000d5580000)
  object space 71168K, 99% used [0x0000000080000000,0x0000000084550f58,0x0000000084580000)
 Metaspace       used 53179K, committed 54592K, reserved 1114112K
  class space    used 5715K, committed 6336K, reserved 1048576K
GC Heap History (20 events):
Event: 51.507 GC heap before
{Heap before GC invocations=63 (full 2):
 PSYoungGen      total 9216K, used 9206K [0x00000000d5580000, 0x00000000d6100000, 0x0000000100000000)
  eden space 8704K, 100% used [0x00000000d5580000,0x00000000d5e00000,0x00000000d5e00000)
  from space 512K, 98% used [0x00000000d6080000,0x00000000d60fd848,0x00000000d6100000)
  to   space 512K, 0% used [0x00000000d6000000,0x00000000d6000000,0x00000000d6080000)
 ParOldGen       total 68608K, used 66031K [0x0000000080000000, 0x0000000084300000, 0x00000000d5580000)
  object space 68608K, 96% used [0x0000000080000000,0x000000008407bf68,0x0000000084300000)
 Metaspace       used 53047K, committed 54400K, reserved 1114112K
  class space    used 5715K, committed 6336K, reserved 1048576K
}
Event: 51.509 GC heap after
{Heap after GC invocations=63 (full 2):
 PSYoungGen      total 9216K, used 501K [0x00000000d5580000, 0x00000000d6100000, 0x0000000100000000)
  eden space 8704K, 0% used [0x00000000d5580000,0x00000000d5580000,0x00000000d5e00000)
  from space 512K, 97% used [0x00000000d6000000,0x00000000d607d4d8,0x00000000d6080000)
  to   space 512K, 0% used [0x00000000d6080000,0x00000000d6080000,0x00000000d6100000)
 ParOldGen       total 68608K, used 66302K [0x0000000080000000, 0x0000000084300000, 0x00000000d5580000)
  object space 68608K, 96% used [0x0000000080000000,0x00000000840bf820,0x0000000084300000)
 Metaspace       used 53047K, committed 54400K, reserved 1114112K
  class space    used 5715K, committed 6336K, reserved 1048576K
}
Event: 51.596 GC heap before
{Heap before GC invocations=64 (full 2):
 PSYoungGen      total 9216K, used 9205K [0x00000000d5580000, 0x00000000d6100000, 0x0000000100000000)
  eden space 8704K, 100% used [0x00000000d5580000,0x00000000d5e00000,0x00000000d5e00000)
  from space 512K, 97% used [0x00000000d6000000,0x00000000d607d4d8,0x00000000d6080000)
  to   space 512K, 0% used [0x00000000d6080000,0x00000000d6080000,0x00000000d6100000)
 ParOldGen       total 68608K, used 66302K [0x0000000080000000, 0x0000000084300000, 0x00000000d5580000)
  object space 68608K, 96% used [0x0000000080000000,0x00000000840bf820,0x0000000084300000)
 Metaspace       used 53059K, committed 54464K, reserved 1114112K
  class space    used 5715K, committed 6336K, reserved 1048576K
}
Event: 51.598 GC heap after
{Heap after GC invocations=64 (full 2):
 PSYoungGen      total 9216K, used 508K [0x00000000d5580000, 0x00000000d6100000, 0x0000000100000000)
  eden space 8704K, 0% used [0x00000000d5580000,0x00000000d5580000,0x00000000d5e00000)
  from space 512K, 99% used [0x00000000d6080000,0x00000000d60ff248,0x00000000d6100000)
  to   space 1024K, 0% used [0x00000000d5f00000,0x00000000d5f00000,0x00000000d6000000)
 ParOldGen       total 68608K, used 66623K [0x0000000080000000, 0x0000000084300000, 0x00000000d5580000)
  object space 68608K, 97% used [0x0000000080000000,0x000000008410fe30,0x0000000084300000)
 Metaspace       used 53059K, committed 54464K, reserved 1114112K
  class space    used 5715K, committed 6336K, reserved 1048576K
}
Event: 51.697 GC heap before
{Heap before GC invocations=65 (full 2):
 PSYoungGen      total 9216K, used 9212K [0x00000000d5580000, 0x00000000d6100000, 0x0000000100000000)
  eden space 8704K, 100% used [0x00000000d5580000,0x00000000d5e00000,0x00000000d5e00000)
  from space 512K, 99% used [0x00000000d6080000,0x00000000d60ff248,0x00000000d6100000)
  to   space 1024K, 0% used [0x00000000d5f00000,0x00000000d5f00000,0x00000000d6000000)
 ParOldGen       total 68608K, used 66623K [0x0000000080000000, 0x0000000084300000, 0x00000000d5580000)
  object space 68608K, 97% used [0x0000000080000000,0x000000008410fe30,0x0000000084300000)
 Metaspace       used 53063K, committed 54464K, reserved 1114112K
  class space    used 5715K, committed 6336K, reserved 1048576K
}
Event: 51.699 GC heap after
{Heap after GC invocations=65 (full 2):
 PSYoungGen      total 9728K, used 488K [0x00000000d5580000, 0x00000000d6100000, 0x0000000100000000)
  eden space 8704K, 0% used [0x00000000d5580000,0x00000000d5580000,0x00000000d5e00000)
  from space 1024K, 47% used [0x00000000d5f00000,0x00000000d5f7a018,0x00000000d6000000)
  to   space 1024K, 0% used [0x00000000d6000000,0x00000000d6000000,0x00000000d6100000)
 ParOldGen       total 68608K, used 66985K [0x0000000080000000, 0x0000000084300000, 0x00000000d5580000)
  object space 68608K, 97% used [0x0000000080000000,0x000000008416a5d8,0x0000000084300000)
 Metaspace       used 53063K, committed 54464K, reserved 1114112K
  class space    used 5715K, committed 6336K, reserved 1048576K
}
Event: 51.776 GC heap before
{Heap before GC invocations=66 (full 2):
 PSYoungGen      total 9728K, used 9192K [0x00000000d5580000, 0x00000000d6100000, 0x0000000100000000)
  eden space 8704K, 100% used [0x00000000d5580000,0x00000000d5e00000,0x00000000d5e00000)
  from space 1024K, 47% used [0x00000000d5f00000,0x00000000d5f7a018,0x00000000d6000000)
  to   space 1024K, 0% used [0x00000000d6000000,0x00000000d6000000,0x00000000d6100000)
 ParOldGen       total 68608K, used 66985K [0x0000000080000000, 0x0000000084300000, 0x00000000d5580000)
  object space 68608K, 97% used [0x0000000080000000,0x000000008416a5d8,0x0000000084300000)
 Metaspace       used 53096K, committed 54464K, reserved 1114112K
  class space    used 5715K, committed 6336K, reserved 1048576K
}
Event: 51.778 GC heap after
{Heap after GC invocations=66 (full 2):
 PSYoungGen      total 9728K, used 652K [0x00000000d5580000, 0x00000000d6100000, 0x0000000100000000)
  eden space 8704K, 0% used [0x00000000d5580000,0x00000000d5580000,0x00000000d5e00000)
  from space 1024K, 63% used [0x00000000d6000000,0x00000000d60a3210,0x00000000d6100000)
  to   space 1024K, 0% used [0x00000000d5f00000,0x00000000d5f00000,0x00000000d6000000)
 ParOldGen       total 68608K, used 67311K [0x0000000080000000, 0x0000000084300000, 0x00000000d5580000)
  object space 68608K, 98% used [0x0000000080000000,0x00000000841bbd48,0x0000000084300000)
 Metaspace       used 53096K, committed 54464K, reserved 1114112K
  class space    used 5715K, committed 6336K, reserved 1048576K
}
Event: 51.836 GC heap before
{Heap before GC invocations=67 (full 2):
 PSYoungGen      total 9728K, used 9356K [0x00000000d5580000, 0x00000000d6100000, 0x0000000100000000)
  eden space 8704K, 100% used [0x00000000d5580000,0x00000000d5e00000,0x00000000d5e00000)
  from space 1024K, 63% used [0x00000000d6000000,0x00000000d60a3210,0x00000000d6100000)
  to   space 1024K, 0% used [0x00000000d5f00000,0x00000000d5f00000,0x00000000d6000000)
 ParOldGen       total 68608K, used 67311K [0x0000000080000000, 0x0000000084300000, 0x00000000d5580000)
  object space 68608K, 98% used [0x0000000080000000,0x00000000841bbd48,0x0000000084300000)
 Metaspace       used 53096K, committed 54464K, reserved 1114112K
  class space    used 5715K, committed 6336K, reserved 1048576K
}
Event: 51.839 GC heap after
{Heap after GC invocations=67 (full 2):
 PSYoungGen      total 9728K, used 411K [0x00000000d5580000, 0x00000000d6080000, 0x0000000100000000)
  eden space 8704K, 0% used [0x00000000d5580000,0x00000000d5580000,0x00000000d5e00000)
  from space 1024K, 40% used [0x00000000d5f00000,0x00000000d5f66e38,0x00000000d6000000)
  to   space 512K, 0% used [0x00000000d6000000,0x00000000d6000000,0x00000000d6080000)
 ParOldGen       total 68608K, used 67759K [0x0000000080000000, 0x0000000084300000, 0x00000000d5580000)
  object space 68608K, 98% used [0x0000000080000000,0x000000008422bd28,0x0000000084300000)
 Metaspace       used 53096K, committed 54464K, reserved 1114112K
  class space    used 5715K, committed 6336K, reserved 1048576K
}
Event: 53.173 GC heap before
{Heap before GC invocations=68 (full 2):
 PSYoungGen      total 9728K, used 9114K [0x00000000d5580000, 0x00000000d6080000, 0x0000000100000000)
  eden space 8704K, 99% used [0x00000000d5580000,0x00000000d5dffb50,0x00000000d5e00000)
  from space 1024K, 40% used [0x00000000d5f00000,0x00000000d5f66e38,0x00000000d6000000)
  to   space 512K, 0% used [0x00000000d6000000,0x00000000d6000000,0x00000000d6080000)
 ParOldGen       total 68608K, used 67759K [0x0000000080000000, 0x0000000084300000, 0x00000000d5580000)
  object space 68608K, 98% used [0x0000000080000000,0x000000008422bd28,0x0000000084300000)
 Metaspace       used 53148K, committed 54528K, reserved 1114112K
  class space    used 5715K, committed 6336K, reserved 1048576K
}
Event: 53.176 GC heap after
{Heap after GC invocations=68 (full 2):
 PSYoungGen      total 9216K, used 488K [0x00000000d5580000, 0x00000000d6080000, 0x0000000100000000)
  eden space 8704K, 0% used [0x00000000d5580000,0x00000000d5580000,0x00000000d5e00000)
  from space 512K, 95% used [0x00000000d6000000,0x00000000d607a070,0x00000000d6080000)
  to   space 1024K, 0% used [0x00000000d5e80000,0x00000000d5e80000,0x00000000d5f80000)
 ParOldGen       total 68608K, used 68125K [0x0000000080000000, 0x0000000084300000, 0x00000000d5580000)
  object space 68608K, 99% used [0x0000000080000000,0x0000000084287678,0x0000000084300000)
 Metaspace       used 53148K, committed 54528K, reserved 1114112K
  class space    used 5715K, committed 6336K, reserved 1048576K
}
Event: 53.434 GC heap before
{Heap before GC invocations=69 (full 2):
 PSYoungGen      total 9216K, used 9192K [0x00000000d5580000, 0x00000000d6080000, 0x0000000100000000)
  eden space 8704K, 100% used [0x00000000d5580000,0x00000000d5e00000,0x00000000d5e00000)
  from space 512K, 95% used [0x00000000d6000000,0x00000000d607a070,0x00000000d6080000)
  to   space 1024K, 0% used [0x00000000d5e80000,0x00000000d5e80000,0x00000000d5f80000)
 ParOldGen       total 68608K, used 68125K [0x0000000080000000, 0x0000000084300000, 0x00000000d5580000)
  object space 68608K, 99% used [0x0000000080000000,0x0000000084287678,0x0000000084300000)
 Metaspace       used 53172K, committed 54592K, reserved 1114112K
  class space    used 5715K, committed 6336K, reserved 1048576K
}
Event: 54.440 GC heap after
{Heap after GC invocations=69 (full 2):
 PSYoungGen      total 10240K, used 1000K [0x00000000d5580000, 0x00000000d6400000, 0x0000000100000000)
  eden space 9216K, 0% used [0x00000000d5580000,0x00000000d5580000,0x00000000d5e80000)
  from space 1024K, 97% used [0x00000000d5e80000,0x00000000d5f7a108,0x00000000d5f80000)
  to   space 2048K, 0% used [0x00000000d6200000,0x00000000d6200000,0x00000000d6400000)
 ParOldGen       total 69120K, used 68962K [0x0000000080000000, 0x0000000084380000, 0x00000000d5580000)
  object space 69120K, 99% used [0x0000000080000000,0x0000000084358b70,0x0000000084380000)
 Metaspace       used 53172K, committed 54592K, reserved 1114112K
  class space    used 5715K, committed 6336K, reserved 1048576K
}
Event: 54.455 GC heap before
{Heap before GC invocations=70 (full 2):
 PSYoungGen      total 10240K, used 10216K [0x00000000d5580000, 0x00000000d6400000, 0x0000000100000000)
  eden space 9216K, 100% used [0x00000000d5580000,0x00000000d5e80000,0x00000000d5e80000)
  from space 1024K, 97% used [0x00000000d5e80000,0x00000000d5f7a108,0x00000000d5f80000)
  to   space 2048K, 0% used [0x00000000d6200000,0x00000000d6200000,0x00000000d6400000)
 ParOldGen       total 69120K, used 68962K [0x0000000080000000, 0x0000000084380000, 0x00000000d5580000)
  object space 69120K, 99% used [0x0000000080000000,0x0000000084358b70,0x0000000084380000)
 Metaspace       used 53173K, committed 54592K, reserved 1114112K
  class space    used 5715K, committed 6336K, reserved 1048576K
}
Event: 54.457 GC heap after
{Heap after GC invocations=70 (full 2):
 PSYoungGen      total 10240K, used 768K [0x00000000d5580000, 0x00000000d6300000, 0x0000000100000000)
  eden space 9216K, 0% used [0x00000000d5580000,0x00000000d5580000,0x00000000d5e80000)
  from space 1024K, 75% used [0x00000000d6200000,0x00000000d62c0000,0x00000000d6300000)
  to   space 1536K, 0% used [0x00000000d6000000,0x00000000d6000000,0x00000000d6180000)
 ParOldGen       total 70144K, used 69926K [0x0000000080000000, 0x0000000084480000, 0x00000000d5580000)
  object space 70144K, 99% used [0x0000000080000000,0x0000000084449bf0,0x0000000084480000)
 Metaspace       used 53173K, committed 54592K, reserved 1114112K
  class space    used 5715K, committed 6336K, reserved 1048576K
}
Event: 54.471 GC heap before
{Heap before GC invocations=71 (full 2):
 PSYoungGen      total 10240K, used 9984K [0x00000000d5580000, 0x00000000d6300000, 0x0000000100000000)
  eden space 9216K, 100% used [0x00000000d5580000,0x00000000d5e80000,0x00000000d5e80000)
  from space 1024K, 75% used [0x00000000d6200000,0x00000000d62c0000,0x00000000d6300000)
  to   space 1536K, 0% used [0x00000000d6000000,0x00000000d6000000,0x00000000d6180000)
 ParOldGen       total 70144K, used 69926K [0x0000000080000000, 0x0000000084480000, 0x00000000d5580000)
  object space 70144K, 99% used [0x0000000080000000,0x0000000084449bf0,0x0000000084480000)
 Metaspace       used 53173K, committed 54592K, reserved 1114112K
  class space    used 5715K, committed 6336K, reserved 1048576K
}
Event: 54.473 GC heap after
{Heap after GC invocations=71 (full 2):
 PSYoungGen      total 10752K, used 544K [0x00000000d5580000, 0x00000000d6280000, 0x0000000100000000)
  eden space 9216K, 0% used [0x00000000d5580000,0x00000000d5580000,0x00000000d5e80000)
  from space 1536K, 35% used [0x00000000d6000000,0x00000000d6088000,0x00000000d6180000)
  to   space 1024K, 0% used [0x00000000d6180000,0x00000000d6180000,0x00000000d6280000)
 ParOldGen       total 70656K, used 70535K [0x0000000080000000, 0x0000000084500000, 0x00000000d5580000)
  object space 70656K, 99% used [0x0000000080000000,0x00000000844e1c00,0x0000000084500000)
 Metaspace       used 53173K, committed 54592K, reserved 1114112K
  class space    used 5715K, committed 6336K, reserved 1048576K
}
Event: 54.484 GC heap before
{Heap before GC invocations=72 (full 2):
 PSYoungGen      total 10752K, used 9760K [0x00000000d5580000, 0x00000000d6280000, 0x0000000100000000)
  eden space 9216K, 100% used [0x00000000d5580000,0x00000000d5e80000,0x00000000d5e80000)
  from space 1536K, 35% used [0x00000000d6000000,0x00000000d6088000,0x00000000d6180000)
  to   space 1024K, 0% used [0x00000000d6180000,0x00000000d6180000,0x00000000d6280000)
 ParOldGen       total 70656K, used 70535K [0x0000000080000000, 0x0000000084500000, 0x00000000d5580000)
  object space 70656K, 99% used [0x0000000080000000,0x00000000844e1c00,0x0000000084500000)
 Metaspace       used 53173K, committed 54592K, reserved 1114112K
  class space    used 5715K, committed 6336K, reserved 1048576K
}
Event: 54.485 GC heap after
{Heap after GC invocations=72 (full 2):
 PSYoungGen      total 9728K, used 384K [0x00000000d5580000, 0x00000000d6200000, 0x0000000100000000)
  eden space 9216K, 0% used [0x00000000d5580000,0x00000000d5580000,0x00000000d5e80000)
  from space 512K, 75% used [0x00000000d6180000,0x00000000d61e0000,0x00000000d6200000)
  to   space 512K, 0% used [0x00000000d6100000,0x00000000d6100000,0x00000000d6180000)
 ParOldGen       total 71168K, used 70979K [0x0000000080000000, 0x0000000084580000, 0x00000000d5580000)
  object space 71168K, 99% used [0x0000000080000000,0x0000000084550f58,0x0000000084580000)
 Metaspace       used 53173K, committed 54592K, reserved 1114112K
  class space    used 5715K, committed 6336K, reserved 1048576K
}

