# JRE version: OpenJDK Runtime Environment Temurin-21.0.10+7 (21.0.10+7) (build 21.0.10+7-LTS)
# Java VM: OpenJDK 64-Bit Server VM Temurin-21.0.10+7 (21.0.10+7-LTS, mixed mode, sharing, tiered, compressed oops, compressed class ptrs, parallel gc, windows-amd64)
GC Precious Log:
 CardTable entry size: 512
 CPUs: 12 total, 12 available
 Memory: 7518M
 Large Page Support: Disabled
 NUMA Support: Disabled
 Compressed Oops: Enabled (32-bit)
 Alignments: Space 512K, Generation 512K, Heap 2M
 Heap Min Capacity: 100M
 Heap Initial Capacity: 100M
 Heap Max Capacity: 2G
 Pre-touch: Disabled
 Parallel Workers: 10
Heap:
 PSYoungGen      total 8704K, used 7164K [0x00000000d5580000, 0x00000000d6000000, 0x0000000100000000)
  eden space 8192K, 83% used [0x00000000d5580000,0x00000000d5c32a40,0x00000000d5d80000)
  from space 512K, 59% used [0x00000000d5f00000,0x00000000d5f4c940,0x00000000d5f80000)
  to   space 512K, 0% used [0x00000000d5f80000,0x00000000d5f80000,0x00000000d6000000)
 ParOldGen       total 226816K, used 226541K [0x0000000080000000, 0x000000008dd80000, 0x00000000d5580000)
  object space 226816K, 99% used [0x0000000080000000,0x000000008dd3b570,0x000000008dd80000)
 Metaspace       used 80681K, committed 82432K, reserved 1179648K
  class space    used 8562K, committed 9344K, reserved 1048576K
GC Heap History (20 events):
Event: 3649.663 GC heap before
{Heap before GC invocations=168 (full 3):
 PSYoungGen      total 8704K, used 8448K [0x00000000d5580000, 0x00000000d6000000, 0x0000000100000000)
  eden space 8192K, 100% used [0x00000000d5580000,0x00000000d5d80000,0x00000000d5d80000)
  from space 512K, 50% used [0x00000000d5f80000,0x00000000d5fc0000,0x00000000d6000000)
  to   space 512K, 0% used [0x00000000d5f00000,0x00000000d5f00000,0x00000000d5f80000)
 ParOldGen       total 226304K, used 225917K [0x0000000080000000, 0x000000008dd00000, 0x00000000d5580000)
  object space 226304K, 99% used [0x0000000080000000,0x000000008dc9f570,0x000000008dd00000)
 Metaspace       used 80681K, committed 82432K, reserved 1179648K
  class space    used 8562K, committed 9344K, reserved 1048576K
}
Event: 3649.665 GC heap after
{Heap after GC invocations=168 (full 3):
 PSYoungGen      total 8704K, used 292K [0x00000000d5580000, 0x00000000d6000000, 0x0000000100000000)
  eden space 8192K, 0% used [0x00000000d5580000,0x00000000d5580000,0x00000000d5d80000)
  from space 512K, 57% used [0x00000000d5f00000,0x00000000d5f49110,0x00000000d5f80000)
  to   space 512K, 0% used [0x00000000d5f80000,0x00000000d5f80000,0x00000000d6000000)
 ParOldGen       total 226304K, used 225973K [0x0000000080000000, 0x000000008dd00000, 0x00000000d5580000)
  object space 226304K, 99% used [0x0000000080000000,0x000000008dcad570,0x000000008dd00000)
 Metaspace       used 80681K, committed 82432K, reserved 1179648K
  class space    used 8562K, committed 9344K, reserved 1048576K
}
Event: 3649.708 GC heap before
{Heap before GC invocations=169 (full 3):
 PSYoungGen      total 8704K, used 8484K [0x00000000d5580000, 0x00000000d6000000, 0x0000000100000000)
  eden space 8192K, 100% used [0x00000000d5580000,0x00000000d5d80000,0x00000000d5d80000)
  from space 512K, 57% used [0x00000000d5f00000,0x00000000d5f49110,0x00000000d5f80000)
  to   space 512K, 0% used [0x00000000d5f80000,0x00000000d5f80000,0x00000000d6000000)
 ParOldGen       total 226304K, used 225973K [0x0000000080000000, 0x000000008dd00000, 0x00000000d5580000)
  object space 226304K, 99% used [0x0000000080000000,0x000000008dcad570,0x000000008dd00000)
 Metaspace       used 80681K, committed 82432K, reserved 1179648K
  class space    used 8562K, committed 9344K, reserved 1048576K
}
Event: 3649.710 GC heap after
{Heap after GC invocations=169 (full 3):
 PSYoungGen      total 8704K, used 320K [0x00000000d5580000, 0x00000000d6000000, 0x0000000100000000)
  eden space 8192K, 0% used [0x00000000d5580000,0x00000000d5580000,0x00000000d5d80000)
  from space 512K, 62% used [0x00000000d5f80000,0x00000000d5fd0000,0x00000000d6000000)
  to   space 512K, 0% used [0x00000000d5f00000,0x00000000d5f00000,0x00000000d5f80000)
 ParOldGen       total 226304K, used 226037K [0x0000000080000000, 0x000000008dd00000, 0x00000000d5580000)
  object space 226304K, 99% used [0x0000000080000000,0x000000008dcbd570,0x000000008dd00000)
 Metaspace       used 80681K, committed 82432K, reserved 1179648K
  class space    used 8562K, committed 9344K, reserved 1048576K
}
Event: 3649.745 GC heap before
{Heap before GC invocations=170 (full 3):
 PSYoungGen      total 8704K, used 8512K [0x00000000d5580000, 0x00000000d6000000, 0x0000000100000000)
  eden space 8192K, 100% used [0x00000000d5580000,0x00000000d5d80000,0x00000000d5d80000)
  from space 512K, 62% used [0x00000000d5f80000,0x00000000d5fd0000,0x00000000d6000000)
  to   space 512K, 0% used [0x00000000d5f00000,0x00000000d5f00000,0x00000000d5f80000)
 ParOldGen       total 226304K, used 226037K [0x0000000080000000, 0x000000008dd00000, 0x00000000d5580000)
  object space 226304K, 99% used [0x0000000080000000,0x000000008dcbd570,0x000000008dd00000)
 Metaspace       used 80681K, committed 82432K, reserved 1179648K
  class space    used 8562K, committed 9344K, reserved 1048576K
}
Event: 3649.747 GC heap after
{Heap after GC invocations=170 (full 3):
 PSYoungGen      total 8704K, used 325K [0x00000000d5580000, 0x00000000d6000000, 0x0000000100000000)
  eden space 8192K, 0% used [0x00000000d5580000,0x00000000d5580000,0x00000000d5d80000)
  from space 512K, 63% used [0x00000000d5f00000,0x00000000d5f51738,0x00000000d5f80000)
  to   space 512K, 0% used [0x00000000d5f80000,0x00000000d5f80000,0x00000000d6000000)
 ParOldGen       total 226304K, used 226101K [0x0000000080000000, 0x000000008dd00000, 0x00000000d5580000)
  object space 226304K, 99% used [0x0000000080000000,0x000000008dccd570,0x000000008dd00000)
 Metaspace       used 80681K, committed 82432K, reserved 1179648K
  class space    used 8562K, committed 9344K, reserved 1048576K
}
Event: 3649.780 GC heap before
{Heap before GC invocations=171 (full 3):
 PSYoungGen      total 8704K, used 8517K [0x00000000d5580000, 0x00000000d6000000, 0x0000000100000000)
  eden space 8192K, 100% used [0x00000000d5580000,0x00000000d5d80000,0x00000000d5d80000)
  from space 512K, 63% used [0x00000000d5f00000,0x00000000d5f51738,0x00000000d5f80000)
  to   space 512K, 0% used [0x00000000d5f80000,0x00000000d5f80000,0x00000000d6000000)
 ParOldGen       total 226304K, used 226101K [0x0000000080000000, 0x000000008dd00000, 0x00000000d5580000)
  object space 226304K, 99% used [0x0000000080000000,0x000000008dccd570,0x000000008dd00000)
 Metaspace       used 80681K, committed 82432K, reserved 1179648K
  class space    used 8562K, committed 9344K, reserved 1048576K
}
Event: 3649.782 GC heap after
{Heap after GC invocations=171 (full 3):
 PSYoungGen      total 8704K, used 382K [0x00000000d5580000, 0x00000000d6000000, 0x0000000100000000)
  eden space 8192K, 0% used [0x00000000d5580000,0x00000000d5580000,0x00000000d5d80000)
  from space 512K, 74% used [0x00000000d5f80000,0x00000000d5fdfa50,0x00000000d6000000)
  to   space 512K, 0% used [0x00000000d5f00000,0x00000000d5f00000,0x00000000d5f80000)
 ParOldGen       total 226304K, used 226157K [0x0000000080000000, 0x000000008dd00000, 0x00000000d5580000)
  object space 226304K, 99% used [0x0000000080000000,0x000000008dcdb570,0x000000008dd00000)
 Metaspace       used 80681K, committed 82432K, reserved 1179648K
  class space    used 8562K, committed 9344K, reserved 1048576K
}
Event: 3649.819 GC heap before
{Heap before GC invocations=172 (full 3):
 PSYoungGen      total 8704K, used 8574K [0x00000000d5580000, 0x00000000d6000000, 0x0000000100000000)
  eden space 8192K, 100% used [0x00000000d5580000,0x00000000d5d80000,0x00000000d5d80000)
  from space 512K, 74% used [0x00000000d5f80000,0x00000000d5fdfa50,0x00000000d6000000)
  to   space 512K, 0% used [0x00000000d5f00000,0x00000000d5f00000,0x00000000d5f80000)
 ParOldGen       total 226304K, used 226157K [0x0000000080000000, 0x000000008dd00000, 0x00000000d5580000)
  object space 226304K, 99% used [0x0000000080000000,0x000000008dcdb570,0x000000008dd00000)
 Metaspace       used 80681K, committed 82432K, reserved 1179648K
  class space    used 8562K, committed 9344K, reserved 1048576K
}
Event: 3649.821 GC heap after
{Heap after GC invocations=172 (full 3):
 PSYoungGen      total 8704K, used 192K [0x00000000d5580000, 0x00000000d6000000, 0x0000000100000000)
  eden space 8192K, 0% used [0x00000000d5580000,0x00000000d5580000,0x00000000d5d80000)
  from space 512K, 37% used [0x00000000d5f00000,0x00000000d5f30000,0x00000000d5f80000)
  to   space 512K, 0% used [0x00000000d5f80000,0x00000000d5f80000,0x00000000d6000000)
 ParOldGen       total 226304K, used 226197K [0x0000000080000000, 0x000000008dd00000, 0x00000000d5580000)
  object space 226304K, 99% used [0x0000000080000000,0x000000008dce5570,0x000000008dd00000)
 Metaspace       used 80681K, committed 82432K, reserved 1179648K
  class space    used 8562K, committed 9344K, reserved 1048576K
}
Event: 3649.854 GC heap before
{Heap before GC invocations=173 (full 3):
 PSYoungGen      total 8704K, used 8384K [0x00000000d5580000, 0x00000000d6000000, 0x0000000100000000)
  eden space 8192K, 100% used [0x00000000d5580000,0x00000000d5d80000,0x00000000d5d80000)
  from space 512K, 37% used [0x00000000d5f00000,0x00000000d5f30000,0x00000000d5f80000)
  to   space 512K, 0% used [0x00000000d5f80000,0x00000000d5f80000,0x00000000d6000000)
 ParOldGen       total 226304K, used 226197K [0x0000000080000000, 0x000000008dd00000, 0x00000000d5580000)
  object space 226304K, 99% used [0x0000000080000000,0x000000008dce5570,0x000000008dd00000)
 Metaspace       used 80681K, committed 82432K, reserved 1179648K
  class space    used 8562K, committed 9344K, reserved 1048576K
}
Event: 3649.856 GC heap after
{Heap after GC invocations=173 (full 3):
 PSYoungGen      total 8704K, used 352K [0x00000000d5580000, 0x00000000d6000000, 0x0000000100000000)
  eden space 8192K, 0% used [0x00000000d5580000,0x00000000d5580000,0x00000000d5d80000)
  from space 512K, 68% used [0x00000000d5f80000,0x00000000d5fd80d8,0x00000000d6000000)
  to   space 512K, 0% used [0x00000000d5f00000,0x00000000d5f00000,0x00000000d5f80000)
 ParOldGen       total 226304K, used 226253K [0x0000000080000000, 0x000000008dd00000, 0x00000000d5580000)
  object space 226304K, 99% used [0x0000000080000000,0x000000008dcf3570,0x000000008dd00000)
 Metaspace       used 80681K, committed 82432K, reserved 1179648K
  class space    used 8562K, committed 9344K, reserved 1048576K
}
Event: 3649.892 GC heap before
{Heap before GC invocations=174 (full 3):
 PSYoungGen      total 8704K, used 8544K [0x00000000d5580000, 0x00000000d6000000, 0x0000000100000000)
  eden space 8192K, 100% used [0x00000000d5580000,0x00000000d5d80000,0x00000000d5d80000)
  from space 512K, 68% used [0x00000000d5f80000,0x00000000d5fd80d8,0x00000000d6000000)
  to   space 512K, 0% used [0x00000000d5f00000,0x00000000d5f00000,0x00000000d5f80000)
 ParOldGen       total 226304K, used 226253K [0x0000000080000000, 0x000000008dd00000, 0x00000000d5580000)
  object space 226304K, 99% used [0x0000000080000000,0x000000008dcf3570,0x000000008dd00000)
 Metaspace       used 80681K, committed 82432K, reserved 1179648K
  class space    used 8562K, committed 9344K, reserved 1048576K
}
Event: 3649.893 GC heap after
{Heap after GC invocations=174 (full 3):
 PSYoungGen      total 8704K, used 324K [0x00000000d5580000, 0x00000000d6000000, 0x0000000100000000)
  eden space 8192K, 0% used [0x00000000d5580000,0x00000000d5580000,0x00000000d5d80000)
  from space 512K, 63% used [0x00000000d5f00000,0x00000000d5f511a8,0x00000000d5f80000)
  to   space 512K, 0% used [0x00000000d5f80000,0x00000000d5f80000,0x00000000d6000000)
 ParOldGen       total 226816K, used 226309K [0x0000000080000000, 0x000000008dd80000, 0x00000000d5580000)
  object space 226816K, 99% used [0x0000000080000000,0x000000008dd01570,0x000000008dd80000)
 Metaspace       used 80681K, committed 82432K, reserved 1179648K
  class space    used 8562K, committed 9344K, reserved 1048576K
}
Event: 3650.948 GC heap before
{Heap before GC invocations=175 (full 3):
 PSYoungGen      total 8704K, used 8516K [0x00000000d5580000, 0x00000000d6000000, 0x0000000100000000)
  eden space 8192K, 100% used [0x00000000d5580000,0x00000000d5d80000,0x00000000d5d80000)
  from space 512K, 63% used [0x00000000d5f00000,0x00000000d5f511a8,0x00000000d5f80000)
  to   space 512K, 0% used [0x00000000d5f80000,0x00000000d5f80000,0x00000000d6000000)
 ParOldGen       total 226816K, used 226309K [0x0000000080000000, 0x000000008dd80000, 0x00000000d5580000)
  object space 226816K, 99% used [0x0000000080000000,0x000000008dd01570,0x000000008dd80000)
 Metaspace       used 80681K, committed 82432K, reserved 1179648K
  class space    used 8562K, committed 9344K, reserved 1048576K
}
Event: 3650.950 GC heap after
{Heap after GC invocations=175 (full 3):
 PSYoungGen      total 8704K, used 296K [0x00000000d5580000, 0x00000000d6000000, 0x0000000100000000)
  eden space 8192K, 0% used [0x00000000d5580000,0x00000000d5580000,0x00000000d5d80000)
  from space 512K, 57% used [0x00000000d5f80000,0x00000000d5fca018,0x00000000d6000000)
  to   space 512K, 0% used [0x00000000d5f00000,0x00000000d5f00000,0x00000000d5f80000)
 ParOldGen       total 226816K, used 226373K [0x0000000080000000, 0x000000008dd80000, 0x00000000d5580000)
  object space 226816K, 99% used [0x0000000080000000,0x000000008dd11570,0x000000008dd80000)
 Metaspace       used 80681K, committed 82432K, reserved 1179648K
  class space    used 8562K, committed 9344K, reserved 1048576K
}
Event: 3650.992 GC heap before
{Heap before GC invocations=176 (full 3):
 PSYoungGen      total 8704K, used 8488K [0x00000000d5580000, 0x00000000d6000000, 0x0000000100000000)
  eden space 8192K, 100% used [0x00000000d5580000,0x00000000d5d80000,0x00000000d5d80000)
  from space 512K, 57% used [0x00000000d5f80000,0x00000000d5fca018,0x00000000d6000000)
  to   space 512K, 0% used [0x00000000d5f00000,0x00000000d5f00000,0x00000000d5f80000)
 ParOldGen       total 226816K, used 226373K [0x0000000080000000, 0x000000008dd80000, 0x00000000d5580000)
  object space 226816K, 99% used [0x0000000080000000,0x000000008dd11570,0x000000008dd80000)
 Metaspace       used 80681K, committed 82432K, reserved 1179648K
  class space    used 8562K, committed 9344K, reserved 1048576K
}
Event: 3650.993 GC heap after
{Heap after GC invocations=176 (full 3):
 PSYoungGen      total 8704K, used 256K [0x00000000d5580000, 0x00000000d6000000, 0x0000000100000000)
  eden space 8192K, 0% used [0x00000000d5580000,0x00000000d5580000,0x00000000d5d80000)
  from space 512K, 50% used [0x00000000d5f00000,0x00000000d5f40000,0x00000000d5f80000)
  to   space 512K, 0% used [0x00000000d5f80000,0x00000000d5f80000,0x00000000d6000000)
 ParOldGen       total 226816K, used 226437K [0x0000000080000000, 0x000000008dd80000, 0x00000000d5580000)
  object space 226816K, 99% used [0x0000000080000000,0x000000008dd21570,0x000000008dd80000)
 Metaspace       used 80681K, committed 82432K, reserved 1179648K
  class space    used 8562K, committed 9344K, reserved 1048576K
}
Event: 3651.027 GC heap before
{Heap before GC invocations=177 (full 3):
 PSYoungGen      total 8704K, used 8448K [0x00000000d5580000, 0x00000000d6000000, 0x0000000100000000)
  eden space 8192K, 100% used [0x00000000d5580000,0x00000000d5d80000,0x00000000d5d80000)
  from space 512K, 50% used [0x00000000d5f00000,0x00000000d5f40000,0x00000000d5f80000)
  to   space 512K, 0% used [0x00000000d5f80000,0x00000000d5f80000,0x00000000d6000000)
 ParOldGen       total 226816K, used 226437K [0x0000000080000000, 0x000000008dd80000, 0x00000000d5580000)
  object space 226816K, 99% used [0x0000000080000000,0x000000008dd21570,0x000000008dd80000)
 Metaspace       used 80681K, committed 82432K, reserved 1179648K
  class space    used 8562K, committed 9344K, reserved 1048576K
}
Event: 3651.028 GC heap after
{Heap after GC invocations=177 (full 3):
 PSYoungGen      total 8704K, used 418K [0x00000000d5580000, 0x00000000d6000000, 0x0000000100000000)
  eden space 8192K, 0% used [0x00000000d5580000,0x00000000d5580000,0x00000000d5d80000)
  from space 512K, 81% used [0x00000000d5f80000,0x00000000d5fe8970,0x00000000d6000000)
  to   space 512K, 0% used [0x00000000d5f00000,0x00000000d5f00000,0x00000000d5f80000)
 ParOldGen       total 226816K, used 226501K [0x0000000080000000, 0x000000008dd80000, 0x00000000d5580000)
  object space 226816K, 99% used [0x0000000080000000,0x000000008dd31570,0x000000008dd80000)
 Metaspace       used 80681K, committed 82432K, reserved 1179648K
  class space    used 8562K, committed 9344K, reserved 1048576K
}

